# JRE version: OpenJDK Runtime Environment (8.0_212-b04) (build 1.8.0_212-release-1586-b04)
# Java VM: OpenJDK 64-Bit Server VM (25.212-b04 mixed mode windows-amd64 compressed oops)
Heap:
 PSYoungGen      total 228352K, used 165566K [0x00000000e0000000, 0x00000000efa00000, 0x0000000100000000)
  eden space 209920K, 70% used [0x00000000e0000000,0x00000000e8fb46e8,0x00000000ecd00000)
  from space 18432K, 99% used [0x00000000ee500000,0x00000000ef6fb500,0x00000000ef700000)
  to   space 23040K, 0% used [0x00000000ecd00000,0x00000000ecd00000,0x00000000ee380000)
 ParOldGen       total 134656K, used 40616K [0x00000000a0000000, 0x00000000a8380000, 0x00000000e0000000)
  object space 134656K, 30% used [0x00000000a0000000,0x00000000a27aa2f8,0x00000000a8380000)
 Metaspace       used 77486K, capacity 81208K, committed 81536K, reserved 1120256K
  class space    used 10200K, capacity 11016K, committed 11136K, reserved 1048576K
GC Heap History (10 events):
Event: 5.497 GC heap before
{Heap before GC invocations=13 (full 2):
 PSYoungGen      total 144896K, used 144662K [0x00000000e0000000, 0x00000000ea080000, 0x0000000100000000)
  eden space 135680K, 100% used [0x00000000e0000000,0x00000000e8480000,0x00000000e8480000)
  from space 9216K, 97% used [0x00000000e9780000,0x00000000ea045bd8,0x00000000ea080000)
  to   space 12288K, 0% used [0x00000000e8880000,0x00000000e8880000,0x00000000e9480000)
 ParOldGen       total 86016K, used 14921K [0x00000000a0000000, 0x00000000a5400000, 0x00000000e0000000)
  object space 86016K, 17% used [0x00000000a0000000,0x00000000a0e92730,0x00000000a5400000)
 Metaspace       used 52115K, capacity 53570K, committed 53888K, reserved 1095680K
  class space    used 6867K, capacity 7261K, committed 7296K, reserved 1048576K
Event: 5.512 GC heap after
Heap after GC invocations=13 (full 2):
 PSYoungGen      total 152064K, used 12269K [0x00000000e0000000, 0x00000000ecf80000, 0x0000000100000000)
  eden space 139776K, 0% used [0x00000000e0000000,0x00000000e0000000,0x00000000e8880000)
  from space 12288K, 99% used [0x00000000e8880000,0x00000000e947b6b0,0x00000000e9480000)
  to   space 16896K, 0% used [0x00000000ebf00000,0x00000000ebf00000,0x00000000ecf80000)
 ParOldGen       total 86016K, used 24465K [0x00000000a0000000, 0x00000000a5400000, 0x00000000e0000000)
  object space 86016K, 28% used [0x00000000a0000000,0x00000000a17e44d0,0x00000000a5400000)
 Metaspace       used 52115K, capacity 53570K, committed 53888K, reserved 1095680K
  class space    used 6867K, capacity 7261K, committed 7296K, reserved 1048576K
}
Event: 6.086 GC heap before
{Heap before GC invocations=14 (full 2):
 PSYoungGen      total 152064K, used 77754K [0x00000000e0000000, 0x00000000ecf80000, 0x0000000100000000)
  eden space 139776K, 46% used [0x00000000e0000000,0x00000000e3ff3160,0x00000000e8880000)
  from space 12288K, 99% used [0x00000000e8880000,0x00000000e947b6b0,0x00000000e9480000)
  to   space 16896K, 0% used [0x00000000ebf00000,0x00000000ebf00000,0x00000000ecf80000)
 ParOldGen       total 86016K, used 24465K [0x00000000a0000000, 0x00000000a5400000, 0x00000000e0000000)
  object space 86016K, 28% used [0x00000000a0000000,0x00000000a17e44d0,0x00000000a5400000)
 Metaspace       used 57164K, capacity 59106K, committed 59136K, reserved 1099776K
  class space    used 7720K, capacity 8176K, committed 8192K, reserved 1048576K
Event: 6.097 GC heap after
Heap after GC invocations=14 (full 2):
 PSYoungGen      total 196096K, used 7039K [0x00000000e0000000, 0x00000000ed300000, 0x0000000100000000)
  eden space 179200K, 0% used [0x00000000e0000000,0x00000000e0000000,0x00000000eaf00000)
  from space 16896K, 41% used [0x00000000ebf00000,0x00000000ec5dfdc8,0x00000000ecf80000)
  to   space 16384K, 0% used [0x00000000eaf00000,0x00000000eaf00000,0x00000000ebf00000)
 ParOldGen       total 86016K, used 32686K [0x00000000a0000000, 0x00000000a5400000, 0x00000000e0000000)
  object space 86016K, 38% used [0x00000000a0000000,0x00000000a1febac8,0x00000000a5400000)
 Metaspace       used 57164K, capacity 59106K, committed 59136K, reserved 1099776K
  class space    used 7720K, capacity 8176K, committed 8192K, reserved 1048576K
}
Event: 6.097 GC heap before
{Heap before GC invocations=15 (full 3):
 PSYoungGen      total 196096K, used 7039K [0x00000000e0000000, 0x00000000ed300000, 0x0000000100000000)
  eden space 179200K, 0% used [0x00000000e0000000,0x00000000e0000000,0x00000000eaf00000)
  from space 16896K, 41% used [0x00000000ebf00000,0x00000000ec5dfdc8,0x00000000ecf80000)
  to   space 16384K, 0% used [0x00000000eaf00000,0x00000000eaf00000,0x00000000ebf00000)
 ParOldGen       total 86016K, used 32686K [0x00000000a0000000, 0x00000000a5400000, 0x00000000e0000000)
  object space 86016K, 38% used [0x00000000a0000000,0x00000000a1febac8,0x00000000a5400000)
 Metaspace       used 57164K, capacity 59106K, committed 59136K, reserved 1099776K
  class space    used 7720K, capacity 8176K, committed 8192K, reserved 1048576K
Event: 6.282 GC heap after
Heap after GC invocations=15 (full 3):
 PSYoungGen      total 196096K, used 0K [0x00000000e0000000, 0x00000000ed300000, 0x0000000100000000)
  eden space 179200K, 0% used [0x00000000e0000000,0x00000000e0000000,0x00000000eaf00000)
  from space 16896K, 0% used [0x00000000ebf00000,0x00000000ebf00000,0x00000000ecf80000)
  to   space 16384K, 0% used [0x00000000eaf00000,0x00000000eaf00000,0x00000000ebf00000)
 ParOldGen       total 134656K, used 33851K [0x00000000a0000000, 0x00000000a8380000, 0x00000000e0000000)
  object space 134656K, 25% used [0x00000000a0000000,0x00000000a210ef18,0x00000000a8380000)
 Metaspace       used 57153K, capacity 59070K, committed 59136K, reserved 1099776K
  class space    used 7717K, capacity 8170K, committed 8192K, reserved 1048576K
}
Event: 7.485 GC heap before
{Heap before GC invocations=16 (full 3):
 PSYoungGen      total 196096K, used 179200K [0x00000000e0000000, 0x00000000ed300000, 0x0000000100000000)
  eden space 179200K, 100% used [0x00000000e0000000,0x00000000eaf00000,0x00000000eaf00000)
  from space 16896K, 0% used [0x00000000ebf00000,0x00000000ebf00000,0x00000000ecf80000)
  to   space 16384K, 0% used [0x00000000eaf00000,0x00000000eaf00000,0x00000000ebf00000)
 ParOldGen       total 134656K, used 33851K [0x00000000a0000000, 0x00000000a8380000, 0x00000000e0000000)
  object space 134656K, 25% used [0x00000000a0000000,0x00000000a210ef18,0x00000000a8380000)
 Metaspace       used 65650K, capacity 68396K, committed 68480K, reserved 1107968K
  class space    used 9069K, capacity 9587K, committed 9600K, reserved 1048576K
Event: 7.497 GC heap after
Heap after GC invocations=16 (full 3):
 PSYoungGen      total 195584K, used 15528K [0x00000000e0000000, 0x00000000ef700000, 0x0000000100000000)
  eden space 179200K, 0% used [0x00000000e0000000,0x00000000e0000000,0x00000000eaf00000)
  from space 16384K, 94% used [0x00000000eaf00000,0x00000000ebe2a0b8,0x00000000ebf00000)
  to   space 18432K, 0% used [0x00000000ee500000,0x00000000ee500000,0x00000000ef700000)
 ParOldGen       total 134656K, used 33859K [0x00000000a0000000, 0x00000000a8380000, 0x00000000e0000000)
  object space 134656K, 25% used [0x00000000a0000000,0x00000000a2110f18,0x00000000a8380000)
 Metaspace       used 65650K, capacity 68396K, committed 68480K, reserved 1107968K
  class space    used 9069K, capacity 9587K, committed 9600K, reserved 1048576K
}
Event: 345.944 GC heap before
{Heap before GC invocations=17 (full 3):
 PSYoungGen      total 195584K, used 194728K [0x00000000e0000000, 0x00000000ef700000, 0x0000000100000000)
  eden space 179200K, 100% used [0x00000000e0000000,0x00000000eaf00000,0x00000000eaf00000)
  from space 16384K, 94% used [0x00000000eaf00000,0x00000000ebe2a0b8,0x00000000ebf00000)
  to   space 18432K, 0% used [0x00000000ee500000,0x00000000ee500000,0x00000000ef700000)
 ParOldGen       total 134656K, used 33859K [0x00000000a0000000, 0x00000000a8380000, 0x00000000e0000000)
  object space 134656K, 25% used [0x00000000a0000000,0x00000000a2110f18,0x00000000a8380000)
 Metaspace       used 73250K, capacity 76714K, committed 76928K, reserved 1116160K
  class space    used 9764K, capacity 10501K, committed 10624K, reserved 1048576K
Event: 345.972 GC heap after
Heap after GC invocations=17 (full 3):
 PSYoungGen      total 228352K, used 18413K [0x00000000e0000000, 0x00000000efa00000, 0x0000000100000000)
  eden space 209920K, 0% used [0x00000000e0000000,0x00000000e0000000,0x00000000ecd00000)
  from space 18432K, 99% used [0x00000000ee500000,0x00000000ef6fb500,0x00000000ef700000)
  to   space 23040K, 0% used [0x00000000ecd00000,0x00000000ecd00000,0x00000000ee380000)
 ParOldGen       total 134656K, used 40616K [0x00000000a0000000, 0x00000000a8380000, 0x00000000e0000000)
  object space 134656K, 30% used [0x00000000a0000000,0x00000000a27aa2f8,0x00000000a8380000)
 Metaspace       used 73250K, capacity 76714K, committed 76928K, reserved 1116160K
  class space    used 9764K, capacity 10501K, committed 10624K, reserved 1048576K
}

