# JRE version: OpenJDK Runtime Environment (8.0_212-b04) (build 1.8.0_212-release-1586-b04)
# Java VM: OpenJDK 64-Bit Server VM (25.212-b04 mixed mode windows-amd64 compressed oops)
Heap:
 PSYoungGen      total 77312K, used 14225K [0x00000000e0000000, 0x00000000e5700000, 0x0000000100000000)
  eden space 66048K, 21% used [0x00000000e0000000,0x00000000e0de46d8,0x00000000e4080000)
  from space 11264K, 0% used [0x00000000e4080000,0x00000000e4080000,0x00000000e4b80000)
  to   space 10752K, 0% used [0x00000000e4b80000,0x00000000e4b80000,0x00000000e5600000)
 ParOldGen       total 60416K, used 16912K [0x00000000a0000000, 0x00000000a3b00000, 0x00000000e0000000)
  object space 60416K, 27% used [0x00000000a0000000,0x00000000a10843e0,0x00000000a3b00000)
 Metaspace       used 35489K, capacity 36452K, committed 36736K, reserved 1081344K
  class space    used 4892K, capacity 5149K, committed 5248K, reserved 1048576K
GC Heap History (10 events):
Event: 1.802 GC heap before
{Heap before GC invocations=7 (full 1):
 PSYoungGen      total 76800K, used 8592K [0x00000000e0000000, 0x00000000e5700000, 0x0000000100000000)
  eden space 66048K, 0% used [0x00000000e0000000,0x00000000e0000000,0x00000000e4080000)
  from space 10752K, 79% used [0x00000000e4b80000,0x00000000e53e42a0,0x00000000e5600000)
  to   space 11264K, 0% used [0x00000000e4080000,0x00000000e4080000,0x00000000e4b80000)
 ParOldGen       total 87552K, used 8318K [0x00000000a0000000, 0x00000000a5580000, 0x00000000e0000000)
  object space 87552K, 9% used [0x00000000a0000000,0x00000000a081f9e8,0x00000000a5580000)
 Metaspace       used 20618K, capacity 21182K, committed 21296K, reserved 1067008K
  class space    used 2976K, capacity 3133K, committed 3200K, reserved 1048576K
Event: 1.824 GC heap after
Heap after GC invocations=7 (full 1):
 PSYoungGen      total 76800K, used 0K [0x00000000e0000000, 0x00000000e5700000, 0x0000000100000000)
  eden space 66048K, 0% used [0x00000000e0000000,0x00000000e0000000,0x00000000e4080000)
  from space 10752K, 0% used [0x00000000e4b80000,0x00000000e4b80000,0x00000000e5600000)
  to   space 11264K, 0% used [0x00000000e4080000,0x00000000e4080000,0x00000000e4b80000)
 ParOldGen       total 60416K, used 9555K [0x00000000a0000000, 0x00000000a3b00000, 0x00000000e0000000)
  object space 60416K, 15% used [0x00000000a0000000,0x00000000a0954e38,0x00000000a3b00000)
 Metaspace       used 20618K, capacity 21182K, committed 21296K, reserved 1067008K
  class space    used 2976K, capacity 3133K, committed 3200K, reserved 1048576K
}
Event: 2.296 GC heap before
{Heap before GC invocations=8 (full 1):
 PSYoungGen      total 76800K, used 66048K [0x00000000e0000000, 0x00000000e5700000, 0x0000000100000000)
  eden space 66048K, 100% used [0x00000000e0000000,0x00000000e4080000,0x00000000e4080000)
  from space 10752K, 0% used [0x00000000e4b80000,0x00000000e4b80000,0x00000000e5600000)
  to   space 11264K, 0% used [0x00000000e4080000,0x00000000e4080000,0x00000000e4b80000)
 ParOldGen       total 60416K, used 9555K [0x00000000a0000000, 0x00000000a3b00000, 0x00000000e0000000)
  object space 60416K, 15% used [0x00000000a0000000,0x00000000a0954e38,0x00000000a3b00000)
 Metaspace       used 29071K, capacity 29640K, committed 29952K, reserved 1075200K
  class space    used 3916K, capacity 4071K, committed 4096K, reserved 1048576K
Event: 2.304 GC heap after
Heap after GC invocations=8 (full 1):
 PSYoungGen      total 77312K, used 8208K [0x00000000e0000000, 0x00000000e5700000, 0x0000000100000000)
  eden space 66048K, 0% used [0x00000000e0000000,0x00000000e0000000,0x00000000e4080000)
  from space 11264K, 72% used [0x00000000e4080000,0x00000000e4884198,0x00000000e4b80000)
  to   space 10752K, 0% used [0x00000000e4b80000,0x00000000e4b80000,0x00000000e5600000)
 ParOldGen       total 60416K, used 9563K [0x00000000a0000000, 0x00000000a3b00000, 0x00000000e0000000)
  object space 60416K, 15% used [0x00000000a0000000,0x00000000a0956e38,0x00000000a3b00000)
 Metaspace       used 29071K, capacity 29640K, committed 29952K, reserved 1075200K
  class space    used 3916K, capacity 4071K, committed 4096K, reserved 1048576K
}
Event: 2.612 GC heap before
{Heap before GC invocations=9 (full 1):
 PSYoungGen      total 77312K, used 74256K [0x00000000e0000000, 0x00000000e5700000, 0x0000000100000000)
  eden space 66048K, 100% used [0x00000000e0000000,0x00000000e4080000,0x00000000e4080000)
  from space 11264K, 72% used [0x00000000e4080000,0x00000000e4884198,0x00000000e4b80000)
  to   space 10752K, 0% used [0x00000000e4b80000,0x00000000e4b80000,0x00000000e5600000)
 ParOldGen       total 60416K, used 9563K [0x00000000a0000000, 0x00000000a3b00000, 0x00000000e0000000)
  object space 60416K, 15% used [0x00000000a0000000,0x00000000a0956e38,0x00000000a3b00000)
 Metaspace       used 32243K, capacity 32896K, committed 33152K, reserved 1077248K
  class space    used 4430K, capacity 4623K, committed 4736K, reserved 1048576K
Event: 2.616 GC heap after
Heap after GC invocations=9 (full 1):
 PSYoungGen      total 76800K, used 8811K [0x00000000e0000000, 0x00000000e5700000, 0x0000000100000000)
  eden space 66048K, 0% used [0x00000000e0000000,0x00000000e0000000,0x00000000e4080000)
  from space 10752K, 81% used [0x00000000e4b80000,0x00000000e541af78,0x00000000e5600000)
  to   space 11264K, 0% used [0x00000000e4080000,0x00000000e4080000,0x00000000e4b80000)
 ParOldGen       total 60416K, used 9571K [0x00000000a0000000, 0x00000000a3b00000, 0x00000000e0000000)
  object space 60416K, 15% used [0x00000000a0000000,0x00000000a0958e38,0x00000000a3b00000)
 Metaspace       used 32243K, capacity 32896K, committed 33152K, reserved 1077248K
  class space    used 4430K, capacity 4623K, committed 4736K, reserved 1048576K
}
Event: 2.954 GC heap before
{Heap before GC invocations=10 (full 1):
 PSYoungGen      total 76800K, used 58455K [0x00000000e0000000, 0x00000000e5700000, 0x0000000100000000)
  eden space 66048K, 75% used [0x00000000e0000000,0x00000000e307acc8,0x00000000e4080000)
  from space 10752K, 81% used [0x00000000e4b80000,0x00000000e541af78,0x00000000e5600000)
  to   space 11264K, 0% used [0x00000000e4080000,0x00000000e4080000,0x00000000e4b80000)
 ParOldGen       total 60416K, used 9571K [0x00000000a0000000, 0x00000000a3b00000, 0x00000000e0000000)
  object space 60416K, 15% used [0x00000000a0000000,0x00000000a0958e38,0x00000000a3b00000)
 Metaspace       used 34508K, capacity 35384K, committed 35456K, reserved 1079296K
  class space    used 4739K, capacity 4965K, committed 4992K, reserved 1048576K
Event: 2.960 GC heap after
Heap after GC invocations=10 (full 1):
 PSYoungGen      total 77312K, used 9890K [0x00000000e0000000, 0x00000000e5700000, 0x0000000100000000)
  eden space 66048K, 0% used [0x00000000e0000000,0x00000000e0000000,0x00000000e4080000)
  from space 11264K, 87% used [0x00000000e4080000,0x00000000e4a28ad8,0x00000000e4b80000)
  to   space 10752K, 0% used [0x00000000e4b80000,0x00000000e4b80000,0x00000000e5600000)
 ParOldGen       total 60416K, used 9579K [0x00000000a0000000, 0x00000000a3b00000, 0x00000000e0000000)
  object space 60416K, 15% used [0x00000000a0000000,0x00000000a095ae38,0x00000000a3b00000)
 Metaspace       used 34508K, capacity 35384K, committed 35456K, reserved 1079296K
  class space    used 4739K, capacity 4965K, committed 4992K, reserved 1048576K
}
Event: 2.960 GC heap before
{Heap before GC invocations=11 (full 2):
 PSYoungGen      total 77312K, used 9890K [0x00000000e0000000, 0x00000000e5700000, 0x0000000100000000)
  eden space 66048K, 0% used [0x00000000e0000000,0x00000000e0000000,0x00000000e4080000)
  from space 11264K, 87% used [0x00000000e4080000,0x00000000e4a28ad8,0x00000000e4b80000)
  to   space 10752K, 0% used [0x00000000e4b80000,0x00000000e4b80000,0x00000000e5600000)
 ParOldGen       total 60416K, used 9579K [0x00000000a0000000, 0x00000000a3b00000, 0x00000000e0000000)
  object space 60416K, 15% used [0x00000000a0000000,0x00000000a095ae38,0x00000000a3b00000)
 Metaspace       used 34508K, capacity 35384K, committed 35456K, reserved 1079296K
  class space    used 4739K, capacity 4965K, committed 4992K, reserved 1048576K
Event: 2.991 GC heap after
Heap after GC invocations=11 (full 2):
 PSYoungGen      total 77312K, used 0K [0x00000000e0000000, 0x00000000e5700000, 0x0000000100000000)
  eden space 66048K, 0% used [0x00000000e0000000,0x00000000e0000000,0x00000000e4080000)
  from space 11264K, 0% used [0x00000000e4080000,0x00000000e4080000,0x00000000e4b80000)
  to   space 10752K, 0% used [0x00000000e4b80000,0x00000000e4b80000,0x00000000e5600000)
 ParOldGen       total 60416K, used 16912K [0x00000000a0000000, 0x00000000a3b00000, 0x00000000e0000000)
  object space 60416K, 27% used [0x00000000a0000000,0x00000000a10843e0,0x00000000a3b00000)
 Metaspace       used 34494K, capacity 35336K, committed 35456K, reserved 1079296K
  class space    used 4734K, capacity 4957K, committed 4992K, reserved 1048576K
}

