# JRE version: OpenJDK Runtime Environment (8.0_212-b04) (build 1.8.0_212-release-1586-b04)
# Java VM: OpenJDK 64-Bit Server VM (25.212-b04 mixed mode windows-amd64 compressed oops)
Heap:
 PSYoungGen      total 77312K, used 3794K [0x00000000e0000000, 0x00000000e7100000, 0x0000000100000000)
  eden space 66048K, 5% used [0x00000000e0000000,0x00000000e03b48b0,0x00000000e4080000)
  from space 11264K, 0% used [0x00000000e4080000,0x00000000e4080000,0x00000000e4b80000)
  to   space 12288K, 0% used [0x00000000e6500000,0x00000000e6500000,0x00000000e7100000)
 ParOldGen       total 59904K, used 16961K [0x00000000a0000000, 0x00000000a3a80000, 0x00000000e0000000)
  object space 59904K, 28% used [0x00000000a0000000,0x00000000a1090668,0x00000000a3a80000)
 Metaspace       used 34739K, capacity 35632K, committed 35840K, reserved 1079296K
  class space    used 4780K, capacity 5003K, committed 5120K, reserved 1048576K
GC Heap History (10 events):
Event: 1.877 GC heap before
{Heap before GC invocations=7 (full 1):
 PSYoungGen      total 76800K, used 8560K [0x00000000e0000000, 0x00000000e5700000, 0x0000000100000000)
  eden space 66048K, 0% used [0x00000000e0000000,0x00000000e0000000,0x00000000e4080000)
  from space 10752K, 79% used [0x00000000e4b80000,0x00000000e53dc300,0x00000000e5600000)
  to   space 11264K, 0% used [0x00000000e4080000,0x00000000e4080000,0x00000000e4b80000)
 ParOldGen       total 87552K, used 8225K [0x00000000a0000000, 0x00000000a5580000, 0x00000000e0000000)
  object space 87552K, 9% used [0x00000000a0000000,0x00000000a0808610,0x00000000a5580000)
 Metaspace       used 20637K, capacity 21182K, committed 21296K, reserved 1067008K
  class space    used 2973K, capacity 3133K, committed 3200K, reserved 1048576K
Event: 1.904 GC heap after
Heap after GC invocations=7 (full 1):
 PSYoungGen      total 76800K, used 0K [0x00000000e0000000, 0x00000000e5700000, 0x0000000100000000)
  eden space 66048K, 0% used [0x00000000e0000000,0x00000000e0000000,0x00000000e4080000)
  from space 10752K, 0% used [0x00000000e4b80000,0x00000000e4b80000,0x00000000e5600000)
  to   space 11264K, 0% used [0x00000000e4080000,0x00000000e4080000,0x00000000e4b80000)
 ParOldGen       total 59904K, used 9566K [0x00000000a0000000, 0x00000000a3a80000, 0x00000000e0000000)
  object space 59904K, 15% used [0x00000000a0000000,0x00000000a0957bd8,0x00000000a3a80000)
 Metaspace       used 20637K, capacity 21182K, committed 21296K, reserved 1067008K
  class space    used 2973K, capacity 3133K, committed 3200K, reserved 1048576K
}
Event: 2.407 GC heap before
{Heap before GC invocations=8 (full 1):
 PSYoungGen      total 76800K, used 66048K [0x00000000e0000000, 0x00000000e5700000, 0x0000000100000000)
  eden space 66048K, 100% used [0x00000000e0000000,0x00000000e4080000,0x00000000e4080000)
  from space 10752K, 0% used [0x00000000e4b80000,0x00000000e4b80000,0x00000000e5600000)
  to   space 11264K, 0% used [0x00000000e4080000,0x00000000e4080000,0x00000000e4b80000)
 ParOldGen       total 59904K, used 9566K [0x00000000a0000000, 0x00000000a3a80000, 0x00000000e0000000)
  object space 59904K, 15% used [0x00000000a0000000,0x00000000a0957bd8,0x00000000a3a80000)
 Metaspace       used 29088K, capacity 29640K, committed 29952K, reserved 1075200K
  class space    used 3916K, capacity 4071K, committed 4096K, reserved 1048576K
Event: 2.417 GC heap after
Heap after GC invocations=8 (full 1):
 PSYoungGen      total 77312K, used 8237K [0x00000000e0000000, 0x00000000e5700000, 0x0000000100000000)
  eden space 66048K, 0% used [0x00000000e0000000,0x00000000e0000000,0x00000000e4080000)
  from space 11264K, 73% used [0x00000000e4080000,0x00000000e488b4a8,0x00000000e4b80000)
  to   space 10752K, 0% used [0x00000000e4b80000,0x00000000e4b80000,0x00000000e5600000)
 ParOldGen       total 59904K, used 9574K [0x00000000a0000000, 0x00000000a3a80000, 0x00000000e0000000)
  object space 59904K, 15% used [0x00000000a0000000,0x00000000a0959bd8,0x00000000a3a80000)
 Metaspace       used 29088K, capacity 29640K, committed 29952K, reserved 1075200K
  class space    used 3916K, capacity 4071K, committed 4096K, reserved 1048576K
}
Event: 2.701 GC heap before
{Heap before GC invocations=9 (full 1):
 PSYoungGen      total 77312K, used 74285K [0x00000000e0000000, 0x00000000e5700000, 0x0000000100000000)
  eden space 66048K, 100% used [0x00000000e0000000,0x00000000e4080000,0x00000000e4080000)
  from space 11264K, 73% used [0x00000000e4080000,0x00000000e488b4a8,0x00000000e4b80000)
  to   space 10752K, 0% used [0x00000000e4b80000,0x00000000e4b80000,0x00000000e5600000)
 ParOldGen       total 59904K, used 9574K [0x00000000a0000000, 0x00000000a3a80000, 0x00000000e0000000)
  object space 59904K, 15% used [0x00000000a0000000,0x00000000a0959bd8,0x00000000a3a80000)
 Metaspace       used 32264K, capacity 32896K, committed 33152K, reserved 1077248K
  class space    used 4431K, capacity 4623K, committed 4736K, reserved 1048576K
Event: 2.706 GC heap after
Heap after GC invocations=9 (full 1):
 PSYoungGen      total 76800K, used 8761K [0x00000000e0000000, 0x00000000e5700000, 0x0000000100000000)
  eden space 66048K, 0% used [0x00000000e0000000,0x00000000e0000000,0x00000000e4080000)
  from space 10752K, 81% used [0x00000000e4b80000,0x00000000e540e400,0x00000000e5600000)
  to   space 11264K, 0% used [0x00000000e4080000,0x00000000e4080000,0x00000000e4b80000)
 ParOldGen       total 59904K, used 9582K [0x00000000a0000000, 0x00000000a3a80000, 0x00000000e0000000)
  object space 59904K, 15% used [0x00000000a0000000,0x00000000a095bbd8,0x00000000a3a80000)
 Metaspace       used 32264K, capacity 32896K, committed 33152K, reserved 1077248K
  class space    used 4431K, capacity 4623K, committed 4736K, reserved 1048576K
}
Event: 3.067 GC heap before
{Heap before GC invocations=10 (full 1):
 PSYoungGen      total 76800K, used 58287K [0x00000000e0000000, 0x00000000e5700000, 0x0000000100000000)
  eden space 66048K, 74% used [0x00000000e0000000,0x00000000e305d980,0x00000000e4080000)
  from space 10752K, 81% used [0x00000000e4b80000,0x00000000e540e400,0x00000000e5600000)
  to   space 11264K, 0% used [0x00000000e4080000,0x00000000e4080000,0x00000000e4b80000)
 ParOldGen       total 59904K, used 9582K [0x00000000a0000000, 0x00000000a3a80000, 0x00000000e0000000)
  object space 59904K, 15% used [0x00000000a0000000,0x00000000a095bbd8,0x00000000a3a80000)
 Metaspace       used 34503K, capacity 35398K, committed 35456K, reserved 1079296K
  class space    used 4737K, capacity 4966K, committed 4992K, reserved 1048576K
Event: 3.077 GC heap after
Heap after GC invocations=10 (full 1):
 PSYoungGen      total 77312K, used 9796K [0x00000000e0000000, 0x00000000e7100000, 0x0000000100000000)
  eden space 66048K, 0% used [0x00000000e0000000,0x00000000e0000000,0x00000000e4080000)
  from space 11264K, 86% used [0x00000000e4080000,0x00000000e4a11100,0x00000000e4b80000)
  to   space 12288K, 0% used [0x00000000e6500000,0x00000000e6500000,0x00000000e7100000)
 ParOldGen       total 59904K, used 9590K [0x00000000a0000000, 0x00000000a3a80000, 0x00000000e0000000)
  object space 59904K, 16% used [0x00000000a0000000,0x00000000a095dbd8,0x00000000a3a80000)
 Metaspace       used 34503K, capacity 35398K, committed 35456K, reserved 1079296K
  class space    used 4737K, capacity 4966K, committed 4992K, reserved 1048576K
}
Event: 3.077 GC heap before
{Heap before GC invocations=11 (full 2):
 PSYoungGen      total 77312K, used 9796K [0x00000000e0000000, 0x00000000e7100000, 0x0000000100000000)
  eden space 66048K, 0% used [0x00000000e0000000,0x00000000e0000000,0x00000000e4080000)
  from space 11264K, 86% used [0x00000000e4080000,0x00000000e4a11100,0x00000000e4b80000)
  to   space 12288K, 0% used [0x00000000e6500000,0x00000000e6500000,0x00000000e7100000)
 ParOldGen       total 59904K, used 9590K [0x00000000a0000000, 0x00000000a3a80000, 0x00000000e0000000)
  object space 59904K, 16% used [0x00000000a0000000,0x00000000a095dbd8,0x00000000a3a80000)
 Metaspace       used 34503K, capacity 35398K, committed 35456K, reserved 1079296K
  class space    used 4737K, capacity 4966K, committed 4992K, reserved 1048576K
Event: 3.120 GC heap after
Heap after GC invocations=11 (full 2):
 PSYoungGen      total 77312K, used 0K [0x00000000e0000000, 0x00000000e7100000, 0x0000000100000000)
  eden space 66048K, 0% used [0x00000000e0000000,0x00000000e0000000,0x00000000e4080000)
  from space 11264K, 0% used [0x00000000e4080000,0x00000000e4080000,0x00000000e4b80000)
  to   space 12288K, 0% used [0x00000000e6500000,0x00000000e6500000,0x00000000e7100000)
 ParOldGen       total 59904K, used 16961K [0x00000000a0000000, 0x00000000a3a80000, 0x00000000e0000000)
  object space 59904K, 28% used [0x00000000a0000000,0x00000000a1090668,0x00000000a3a80000)
 Metaspace       used 34487K, capacity 35344K, committed 35456K, reserved 1079296K
  class space    used 4732K, capacity 4957K, committed 4992K, reserved 1048576K
}

