# JRE version: OpenJDK Runtime Environment (8.0_212-b04) (build 1.8.0_212-release-1586-b04)
# Java VM: OpenJDK 64-Bit Server VM (25.212-b04 mixed mode windows-amd64 compressed oops)
Heap:
 PSYoungGen      total 194560K, used 92878K [0x00000000e0000000, 0x00000000f0200000, 0x0000000100000000)
  eden space 175616K, 42% used [0x00000000e0000000,0x00000000e4839300,0x00000000eab80000)
  from space 18944K, 99% used [0x00000000eab80000,0x00000000ebdfa508,0x00000000ebe00000)
  to   space 23040K, 0% used [0x00000000eeb80000,0x00000000eeb80000,0x00000000f0200000)
 ParOldGen       total 132608K, used 33973K [0x00000000a0000000, 0x00000000a8180000, 0x00000000e0000000)
  object space 132608K, 25% used [0x00000000a0000000,0x00000000a212d600,0x00000000a8180000)
 Metaspace       used 63364K, capacity 65800K, committed 66008K, reserved 1105920K
  class space    used 8578K, capacity 9105K, committed 9176K, reserved 1048576K
GC Heap History (10 events):
Event: 3.743 GC heap before
{Heap before GC invocations=12 (full 2):
 PSYoungGen      total 117760K, used 105984K [0x00000000e0000000, 0x00000000ea600000, 0x0000000100000000)
  eden space 105984K, 100% used [0x00000000e0000000,0x00000000e6780000,0x00000000e6780000)
  from space 11776K, 0% used [0x00000000e6780000,0x00000000e6780000,0x00000000e7300000)
  to   space 12288K, 0% used [0x00000000e9a00000,0x00000000e9a00000,0x00000000ea600000)
 ParOldGen       total 90624K, used 16990K [0x00000000a0000000, 0x00000000a5880000, 0x00000000e0000000)
  object space 90624K, 18% used [0x00000000a0000000,0x00000000a10979d0,0x00000000a5880000)
 Metaspace       used 45001K, capacity 46140K, committed 46336K, reserved 1089536K
  class space    used 6042K, capacity 6350K, committed 6400K, reserved 1048576K
Event: 3.753 GC heap after
Heap after GC invocations=12 (full 2):
 PSYoungGen      total 148992K, used 12283K [0x00000000e0000000, 0x00000000ea600000, 0x0000000100000000)
  eden space 136704K, 0% used [0x00000000e0000000,0x00000000e0000000,0x00000000e8580000)
  from space 12288K, 99% used [0x00000000e9a00000,0x00000000ea5feda0,0x00000000ea600000)
  to   space 14336K, 0% used [0x00000000e8a00000,0x00000000e8a00000,0x00000000e9800000)
 ParOldGen       total 90624K, used 19311K [0x00000000a0000000, 0x00000000a5880000, 0x00000000e0000000)
  object space 90624K, 21% used [0x00000000a0000000,0x00000000a12dbe88,0x00000000a5880000)
 Metaspace       used 45001K, capacity 46140K, committed 46336K, reserved 1089536K
  class space    used 6042K, capacity 6350K, committed 6400K, reserved 1048576K
}
Event: 4.779 GC heap before
{Heap before GC invocations=13 (full 2):
 PSYoungGen      total 148992K, used 148987K [0x00000000e0000000, 0x00000000ea600000, 0x0000000100000000)
  eden space 136704K, 100% used [0x00000000e0000000,0x00000000e8580000,0x00000000e8580000)
  from space 12288K, 99% used [0x00000000e9a00000,0x00000000ea5feda0,0x00000000ea600000)
  to   space 14336K, 0% used [0x00000000e8a00000,0x00000000e8a00000,0x00000000e9800000)
 ParOldGen       total 90624K, used 19311K [0x00000000a0000000, 0x00000000a5880000, 0x00000000e0000000)
  object space 90624K, 21% used [0x00000000a0000000,0x00000000a12dbe88,0x00000000a5880000)
 Metaspace       used 56013K, capacity 57836K, committed 58112K, reserved 1099776K
  class space    used 7710K, capacity 8129K, committed 8192K, reserved 1048576K
Event: 4.795 GC heap after
Heap after GC invocations=13 (full 2):
 PSYoungGen      total 155648K, used 14331K [0x00000000e0000000, 0x00000000ed080000, 0x0000000100000000)
  eden space 141312K, 0% used [0x00000000e0000000,0x00000000e0000000,0x00000000e8a00000)
  from space 14336K, 99% used [0x00000000e8a00000,0x00000000e97fecc0,0x00000000e9800000)
  to   space 18944K, 0% used [0x00000000ebe00000,0x00000000ebe00000,0x00000000ed080000)
 ParOldGen       total 90624K, used 26807K [0x00000000a0000000, 0x00000000a5880000, 0x00000000e0000000)
  object space 90624K, 29% used [0x00000000a0000000,0x00000000a1a2dd78,0x00000000a5880000)
 Metaspace       used 56013K, capacity 57836K, committed 58112K, reserved 1099776K
  class space    used 7710K, capacity 8129K, committed 8192K, reserved 1048576K
}
Event: 4.922 GC heap before
{Heap before GC invocations=14 (full 2):
 PSYoungGen      total 155648K, used 34620K [0x00000000e0000000, 0x00000000ed080000, 0x0000000100000000)
  eden space 141312K, 14% used [0x00000000e0000000,0x00000000e13d06c8,0x00000000e8a00000)
  from space 14336K, 99% used [0x00000000e8a00000,0x00000000e97fecc0,0x00000000e9800000)
  to   space 18944K, 0% used [0x00000000ebe00000,0x00000000ebe00000,0x00000000ed080000)
 ParOldGen       total 90624K, used 26807K [0x00000000a0000000, 0x00000000a5880000, 0x00000000e0000000)
  object space 90624K, 29% used [0x00000000a0000000,0x00000000a1a2dd78,0x00000000a5880000)
 Metaspace       used 57063K, capacity 59056K, committed 59096K, reserved 1099776K
  class space    used 7904K, capacity 8371K, committed 8408K, reserved 1048576K
Event: 4.932 GC heap after
Heap after GC invocations=14 (full 2):
 PSYoungGen      total 194560K, used 2586K [0x00000000e0000000, 0x00000000ee200000, 0x0000000100000000)
  eden space 175616K, 0% used [0x00000000e0000000,0x00000000e0000000,0x00000000eab80000)
  from space 18944K, 13% used [0x00000000ebe00000,0x00000000ec0869c8,0x00000000ed080000)
  to   space 18944K, 0% used [0x00000000eab80000,0x00000000eab80000,0x00000000ebe00000)
 ParOldGen       total 90624K, used 35075K [0x00000000a0000000, 0x00000000a5880000, 0x00000000e0000000)
  object space 90624K, 38% used [0x00000000a0000000,0x00000000a2240eb8,0x00000000a5880000)
 Metaspace       used 57063K, capacity 59056K, committed 59096K, reserved 1099776K
  class space    used 7904K, capacity 8371K, committed 8408K, reserved 1048576K
}
Event: 4.932 GC heap before
{Heap before GC invocations=15 (full 3):
 PSYoungGen      total 194560K, used 2586K [0x00000000e0000000, 0x00000000ee200000, 0x0000000100000000)
  eden space 175616K, 0% used [0x00000000e0000000,0x00000000e0000000,0x00000000eab80000)
  from space 18944K, 13% used [0x00000000ebe00000,0x00000000ec0869c8,0x00000000ed080000)
  to   space 18944K, 0% used [0x00000000eab80000,0x00000000eab80000,0x00000000ebe00000)
 ParOldGen       total 90624K, used 35075K [0x00000000a0000000, 0x00000000a5880000, 0x00000000e0000000)
  object space 90624K, 38% used [0x00000000a0000000,0x00000000a2240eb8,0x00000000a5880000)
 Metaspace       used 57063K, capacity 59056K, committed 59096K, reserved 1099776K
  class space    used 7904K, capacity 8371K, committed 8408K, reserved 1048576K
Event: 5.084 GC heap after
Heap after GC invocations=15 (full 3):
 PSYoungGen      total 194560K, used 0K [0x00000000e0000000, 0x00000000ee200000, 0x0000000100000000)
  eden space 175616K, 0% used [0x00000000e0000000,0x00000000e0000000,0x00000000eab80000)
  from space 18944K, 0% used [0x00000000ebe00000,0x00000000ebe00000,0x00000000ed080000)
  to   space 18944K, 0% used [0x00000000eab80000,0x00000000eab80000,0x00000000ebe00000)
 ParOldGen       total 132608K, used 31191K [0x00000000a0000000, 0x00000000a8180000, 0x00000000e0000000)
  object space 132608K, 23% used [0x00000000a0000000,0x00000000a1e75d30,0x00000000a8180000)
 Metaspace       used 56963K, capacity 58812K, committed 59096K, reserved 1099776K
  class space    used 7872K, capacity 8313K, committed 8408K, reserved 1048576K
}
Event: 6.151 GC heap before
{Heap before GC invocations=16 (full 3):
 PSYoungGen      total 194560K, used 175616K [0x00000000e0000000, 0x00000000ee200000, 0x0000000100000000)
  eden space 175616K, 100% used [0x00000000e0000000,0x00000000eab80000,0x00000000eab80000)
  from space 18944K, 0% used [0x00000000ebe00000,0x00000000ebe00000,0x00000000ed080000)
  to   space 18944K, 0% used [0x00000000eab80000,0x00000000eab80000,0x00000000ebe00000)
 ParOldGen       total 132608K, used 31191K [0x00000000a0000000, 0x00000000a8180000, 0x00000000e0000000)
  object space 132608K, 23% used [0x00000000a0000000,0x00000000a1e75d30,0x00000000a8180000)
 Metaspace       used 60577K, capacity 62926K, committed 63064K, reserved 1103872K
  class space    used 8291K, capacity 8790K, committed 8792K, reserved 1048576K
Event: 6.164 GC heap after
Heap after GC invocations=16 (full 3):
 PSYoungGen      total 194560K, used 18921K [0x00000000e0000000, 0x00000000f0200000, 0x0000000100000000)
  eden space 175616K, 0% used [0x00000000e0000000,0x00000000e0000000,0x00000000eab80000)
  from space 18944K, 99% used [0x00000000eab80000,0x00000000ebdfa508,0x00000000ebe00000)
  to   space 23040K, 0% used [0x00000000eeb80000,0x00000000eeb80000,0x00000000f0200000)
 ParOldGen       total 132608K, used 33973K [0x00000000a0000000, 0x00000000a8180000, 0x00000000e0000000)
  object space 132608K, 25% used [0x00000000a0000000,0x00000000a212d600,0x00000000a8180000)
 Metaspace       used 60577K, capacity 62926K, committed 63064K, reserved 1103872K
  class space    used 8291K, capacity 8790K, committed 8792K, reserved 1048576K
}

