# JRE version: OpenJDK Runtime Environment (8.0_212-b04) (build 1.8.0_212-release-1586-b04)
# Java VM: OpenJDK 64-Bit Server VM (25.212-b04 mixed mode windows-amd64 compressed oops)
Heap:
 PSYoungGen      total 254976K, used 35828K [0x00000000e0000000, 0x00000000f0f80000, 0x0000000100000000)
  eden space 231936K, 11% used [0x00000000e0000000,0x00000000e19410b0,0x00000000ee280000)
  from space 23040K, 43% used [0x00000000ee280000,0x00000000eec3c050,0x00000000ef900000)
  to   space 15360K, 0% used [0x00000000f0080000,0x00000000f0080000,0x00000000f0f80000)
 ParOldGen       total 125440K, used 57444K [0x00000000a0000000, 0x00000000a7a80000, 0x00000000e0000000)
  object space 125440K, 45% used [0x00000000a0000000,0x00000000a3819388,0x00000000a7a80000)
 Metaspace       used 91739K, capacity 95816K, committed 96088K, reserved 1132544K
  class space    used 11932K, capacity 12749K, committed 12888K, reserved 1048576K
GC Heap History (10 events):
Event: 33.819 GC heap before
{Heap before GC invocations=20 (full 3):
 PSYoungGen      total 247296K, used 247271K [0x00000000e0000000, 0x00000000f0f80000, 0x0000000100000000)
  eden space 231936K, 100% used [0x00000000e0000000,0x00000000ee280000,0x00000000ee280000)
  from space 15360K, 99% used [0x00000000f0080000,0x00000000f0f79e68,0x00000000f0f80000)
  to   space 23040K, 0% used [0x00000000ee280000,0x00000000ee280000,0x00000000ef900000)
 ParOldGen       total 125440K, used 95815K [0x00000000a0000000, 0x00000000a7a80000, 0x00000000e0000000)
  object space 125440K, 76% used [0x00000000a0000000,0x00000000a5d91ec0,0x00000000a7a80000)
 Metaspace       used 88123K, capacity 92424K, committed 92504K, reserved 1130496K
  class space    used 11523K, capacity 12368K, committed 12376K, reserved 1048576K
Event: 33.861 GC heap after
Heap after GC invocations=20 (full 3):
 PSYoungGen      total 254976K, used 23030K [0x00000000e0000000, 0x00000000f0f80000, 0x0000000100000000)
  eden space 231936K, 0% used [0x00000000e0000000,0x00000000e0000000,0x00000000ee280000)
  from space 23040K, 99% used [0x00000000ee280000,0x00000000ef8fdb00,0x00000000ef900000)
  to   space 15360K, 0% used [0x00000000f0080000,0x00000000f0080000,0x00000000f0f80000)
 ParOldGen       total 125440K, used 124486K [0x00000000a0000000, 0x00000000a7a80000, 0x00000000e0000000)
  object space 125440K, 99% used [0x00000000a0000000,0x00000000a7991a98,0x00000000a7a80000)
 Metaspace       used 88123K, capacity 92424K, committed 92504K, reserved 1130496K
  class space    used 11523K, capacity 12368K, committed 12376K, reserved 1048576K
}
Event: 33.861 GC heap before
{Heap before GC invocations=21 (full 4):
 PSYoungGen      total 254976K, used 23030K [0x00000000e0000000, 0x00000000f0f80000, 0x0000000100000000)
  eden space 231936K, 0% used [0x00000000e0000000,0x00000000e0000000,0x00000000ee280000)
  from space 23040K, 99% used [0x00000000ee280000,0x00000000ef8fdb00,0x00000000ef900000)
  to   space 15360K, 0% used [0x00000000f0080000,0x00000000f0080000,0x00000000f0f80000)
 ParOldGen       total 125440K, used 124486K [0x00000000a0000000, 0x00000000a7a80000, 0x00000000e0000000)
  object space 125440K, 99% used [0x00000000a0000000,0x00000000a7991a98,0x00000000a7a80000)
 Metaspace       used 88123K, capacity 92424K, committed 92504K, reserved 1130496K
  class space    used 11523K, capacity 12368K, committed 12376K, reserved 1048576K
Event: 34.075 GC heap after
Heap after GC invocations=21 (full 4):
 PSYoungGen      total 254976K, used 0K [0x00000000e0000000, 0x00000000f0f80000, 0x0000000100000000)
  eden space 231936K, 0% used [0x00000000e0000000,0x00000000e0000000,0x00000000ee280000)
  from space 23040K, 0% used [0x00000000ee280000,0x00000000ee280000,0x00000000ef900000)
  to   space 15360K, 0% used [0x00000000f0080000,0x00000000f0080000,0x00000000f0f80000)
 ParOldGen       total 125440K, used 93242K [0x00000000a0000000, 0x00000000a7a80000, 0x00000000e0000000)
  object space 125440K, 74% used [0x00000000a0000000,0x00000000a5b0eb58,0x00000000a7a80000)
 Metaspace       used 87613K, capacity 90994K, committed 92504K, reserved 1130496K
  class space    used 11352K, capacity 12070K, committed 12376K, reserved 1048576K
}
Event: 45.184 GC heap before
{Heap before GC invocations=22 (full 4):
 PSYoungGen      total 254976K, used 231934K [0x00000000e0000000, 0x00000000f0f80000, 0x0000000100000000)
  eden space 231936K, 99% used [0x00000000e0000000,0x00000000ee27fa90,0x00000000ee280000)
  from space 23040K, 0% used [0x00000000ee280000,0x00000000ee280000,0x00000000ef900000)
  to   space 15360K, 0% used [0x00000000f0080000,0x00000000f0080000,0x00000000f0f80000)
 ParOldGen       total 125440K, used 93242K [0x00000000a0000000, 0x00000000a7a80000, 0x00000000e0000000)
  object space 125440K, 74% used [0x00000000a0000000,0x00000000a5b0eb58,0x00000000a7a80000)
 Metaspace       used 90979K, capacity 94700K, committed 95576K, reserved 1132544K
  class space    used 11858K, capacity 12649K, committed 12888K, reserved 1048576K
Event: 45.196 GC heap after
Heap after GC invocations=22 (full 4):
 PSYoungGen      total 247296K, used 14025K [0x00000000e0000000, 0x00000000f0f80000, 0x0000000100000000)
  eden space 231936K, 0% used [0x00000000e0000000,0x00000000e0000000,0x00000000ee280000)
  from space 15360K, 91% used [0x00000000f0080000,0x00000000f0e327c0,0x00000000f0f80000)
  to   space 23040K, 0% used [0x00000000ee280000,0x00000000ee280000,0x00000000ef900000)
 ParOldGen       total 125440K, used 97002K [0x00000000a0000000, 0x00000000a7a80000, 0x00000000e0000000)
  object space 125440K, 77% used [0x00000000a0000000,0x00000000a5ebaa90,0x00000000a7a80000)
 Metaspace       used 90979K, capacity 94700K, committed 95576K, reserved 1132544K
  class space    used 11858K, capacity 12649K, committed 12888K, reserved 1048576K
}
Event: 45.196 GC heap before
{Heap before GC invocations=23 (full 5):
 PSYoungGen      total 247296K, used 14025K [0x00000000e0000000, 0x00000000f0f80000, 0x0000000100000000)
  eden space 231936K, 0% used [0x00000000e0000000,0x00000000e0000000,0x00000000ee280000)
  from space 15360K, 91% used [0x00000000f0080000,0x00000000f0e327c0,0x00000000f0f80000)
  to   space 23040K, 0% used [0x00000000ee280000,0x00000000ee280000,0x00000000ef900000)
 ParOldGen       total 125440K, used 97002K [0x00000000a0000000, 0x00000000a7a80000, 0x00000000e0000000)
  object space 125440K, 77% used [0x00000000a0000000,0x00000000a5ebaa90,0x00000000a7a80000)
 Metaspace       used 90979K, capacity 94700K, committed 95576K, reserved 1132544K
  class space    used 11858K, capacity 12649K, committed 12888K, reserved 1048576K
Event: 45.283 GC heap after
Heap after GC invocations=23 (full 5):
 PSYoungGen      total 247296K, used 0K [0x00000000e0000000, 0x00000000f0f80000, 0x0000000100000000)
  eden space 231936K, 0% used [0x00000000e0000000,0x00000000e0000000,0x00000000ee280000)
  from space 15360K, 0% used [0x00000000f0080000,0x00000000f0080000,0x00000000f0f80000)
  to   space 23040K, 0% used [0x00000000ee280000,0x00000000ee280000,0x00000000ef900000)
 ParOldGen       total 125440K, used 57436K [0x00000000a0000000, 0x00000000a7a80000, 0x00000000e0000000)
  object space 125440K, 45% used [0x00000000a0000000,0x00000000a3817388,0x00000000a7a80000)
 Metaspace       used 90979K, capacity 94700K, committed 95576K, reserved 1132544K
  class space    used 11858K, capacity 12649K, committed 12888K, reserved 1048576K
}
Event: 115.978 GC heap before
{Heap before GC invocations=24 (full 5):
 PSYoungGen      total 247296K, used 231936K [0x00000000e0000000, 0x00000000f0f80000, 0x0000000100000000)
  eden space 231936K, 100% used [0x00000000e0000000,0x00000000ee280000,0x00000000ee280000)
  from space 15360K, 0% used [0x00000000f0080000,0x00000000f0080000,0x00000000f0f80000)
  to   space 23040K, 0% used [0x00000000ee280000,0x00000000ee280000,0x00000000ef900000)
 ParOldGen       total 125440K, used 57436K [0x00000000a0000000, 0x00000000a7a80000, 0x00000000e0000000)
  object space 125440K, 45% used [0x00000000a0000000,0x00000000a3817388,0x00000000a7a80000)
 Metaspace       used 91701K, capacity 95780K, committed 96088K, reserved 1132544K
  class space    used 11928K, capacity 12743K, committed 12888K, reserved 1048576K
Event: 115.986 GC heap after
Heap after GC invocations=24 (full 5):
 PSYoungGen      total 254976K, used 9968K [0x00000000e0000000, 0x00000000f0f80000, 0x0000000100000000)
  eden space 231936K, 0% used [0x00000000e0000000,0x00000000e0000000,0x00000000ee280000)
  from space 23040K, 43% used [0x00000000ee280000,0x00000000eec3c050,0x00000000ef900000)
  to   space 15360K, 0% used [0x00000000f0080000,0x00000000f0080000,0x00000000f0f80000)
 ParOldGen       total 125440K, used 57444K [0x00000000a0000000, 0x00000000a7a80000, 0x00000000e0000000)
  object space 125440K, 45% used [0x00000000a0000000,0x00000000a3819388,0x00000000a7a80000)
 Metaspace       used 91701K, capacity 95780K, committed 96088K, reserved 1132544K
  class space    used 11928K, capacity 12743K, committed 12888K, reserved 1048576K
}

