# JRE version: OpenJDK Runtime Environment (8.0_212-b04) (build 1.8.0_212-release-1586-b04)
# Java VM: OpenJDK 64-Bit Server VM (25.212-b04 mixed mode windows-amd64 compressed oops)
Heap:
 PSYoungGen      total 77312K, used 10032K [0x00000000e0000000, 0x00000000e5700000, 0x0000000100000000)
  eden space 66048K, 15% used [0x00000000e0000000,0x00000000e09cc2d8,0x00000000e4080000)
  from space 11264K, 0% used [0x00000000e4080000,0x00000000e4080000,0x00000000e4b80000)
  to   space 10752K, 0% used [0x00000000e4b80000,0x00000000e4b80000,0x00000000e5600000)
 ParOldGen       total 59392K, used 25612K [0x00000000a0000000, 0x00000000a3a00000, 0x00000000e0000000)
  object space 59392K, 43% used [0x00000000a0000000,0x00000000a19032b8,0x00000000a3a00000)
 Metaspace       used 47438K, capacity 48658K, committed 49024K, reserved 1093632K
  class space    used 6339K, capacity 6668K, committed 6784K, reserved 1048576K
GC Heap History (10 events):
Event: 2.968 GC heap before
{Heap before GC invocations=10 (full 1):
 PSYoungGen      total 76800K, used 59515K [0x00000000e0000000, 0x00000000e5700000, 0x0000000100000000)
  eden space 66048K, 76% used [0x00000000e0000000,0x00000000e3199598,0x00000000e4080000)
  from space 10752K, 81% used [0x00000000e4b80000,0x00000000e54057f8,0x00000000e5600000)
  to   space 11264K, 0% used [0x00000000e4080000,0x00000000e4080000,0x00000000e4b80000)
 ParOldGen       total 59392K, used 9598K [0x00000000a0000000, 0x00000000a3a00000, 0x00000000e0000000)
  object space 59392K, 16% used [0x00000000a0000000,0x00000000a095f898,0x00000000a3a00000)
 Metaspace       used 34538K, capacity 35386K, committed 35456K, reserved 1079296K
  class space    used 4741K, capacity 4964K, committed 4992K, reserved 1048576K
Event: 2.974 GC heap after
Heap after GC invocations=10 (full 1):
 PSYoungGen      total 77312K, used 9989K [0x00000000e0000000, 0x00000000e5700000, 0x0000000100000000)
  eden space 66048K, 0% used [0x00000000e0000000,0x00000000e0000000,0x00000000e4080000)
  from space 11264K, 88% used [0x00000000e4080000,0x00000000e4a41500,0x00000000e4b80000)
  to   space 10752K, 0% used [0x00000000e4b80000,0x00000000e4b80000,0x00000000e5600000)
 ParOldGen       total 59392K, used 9606K [0x00000000a0000000, 0x00000000a3a00000, 0x00000000e0000000)
  object space 59392K, 16% used [0x00000000a0000000,0x00000000a0961898,0x00000000a3a00000)
 Metaspace       used 34538K, capacity 35386K, committed 35456K, reserved 1079296K
  class space    used 4741K, capacity 4964K, committed 4992K, reserved 1048576K
}
Event: 2.974 GC heap before
{Heap before GC invocations=11 (full 2):
 PSYoungGen      total 77312K, used 9989K [0x00000000e0000000, 0x00000000e5700000, 0x0000000100000000)
  eden space 66048K, 0% used [0x00000000e0000000,0x00000000e0000000,0x00000000e4080000)
  from space 11264K, 88% used [0x00000000e4080000,0x00000000e4a41500,0x00000000e4b80000)
  to   space 10752K, 0% used [0x00000000e4b80000,0x00000000e4b80000,0x00000000e5600000)
 ParOldGen       total 59392K, used 9606K [0x00000000a0000000, 0x00000000a3a00000, 0x00000000e0000000)
  object space 59392K, 16% used [0x00000000a0000000,0x00000000a0961898,0x00000000a3a00000)
 Metaspace       used 34538K, capacity 35386K, committed 35456K, reserved 1079296K
  class space    used 4741K, capacity 4964K, committed 4992K, reserved 1048576K
Event: 3.004 GC heap after
Heap after GC invocations=11 (full 2):
 PSYoungGen      total 77312K, used 0K [0x00000000e0000000, 0x00000000e5700000, 0x0000000100000000)
  eden space 66048K, 0% used [0x00000000e0000000,0x00000000e0000000,0x00000000e4080000)
  from space 11264K, 0% used [0x00000000e4080000,0x00000000e4080000,0x00000000e4b80000)
  to   space 10752K, 0% used [0x00000000e4b80000,0x00000000e4b80000,0x00000000e5600000)
 ParOldGen       total 59392K, used 17007K [0x00000000a0000000, 0x00000000a3a00000, 0x00000000e0000000)
  object space 59392K, 28% used [0x00000000a0000000,0x00000000a109be20,0x00000000a3a00000)
 Metaspace       used 34524K, capacity 35344K, committed 35456K, reserved 1079296K
  class space    used 4737K, capacity 4957K, committed 4992K, reserved 1048576K
}
Event: 3.517 GC heap before
{Heap before GC invocations=12 (full 2):
 PSYoungGen      total 77312K, used 66048K [0x00000000e0000000, 0x00000000e5700000, 0x0000000100000000)
  eden space 66048K, 100% used [0x00000000e0000000,0x00000000e4080000,0x00000000e4080000)
  from space 11264K, 0% used [0x00000000e4080000,0x00000000e4080000,0x00000000e4b80000)
  to   space 10752K, 0% used [0x00000000e4b80000,0x00000000e4b80000,0x00000000e5600000)
 ParOldGen       total 59392K, used 17007K [0x00000000a0000000, 0x00000000a3a00000, 0x00000000e0000000)
  object space 59392K, 28% used [0x00000000a0000000,0x00000000a109be20,0x00000000a3a00000)
 Metaspace       used 42728K, capacity 43886K, committed 44032K, reserved 1087488K
  class space    used 5766K, capacity 6053K, committed 6144K, reserved 1048576K
Event: 3.523 GC heap after
Heap after GC invocations=12 (full 2):
 PSYoungGen      total 76800K, used 8860K [0x00000000e0000000, 0x00000000e5700000, 0x0000000100000000)
  eden space 66048K, 0% used [0x00000000e0000000,0x00000000e0000000,0x00000000e4080000)
  from space 10752K, 82% used [0x00000000e4b80000,0x00000000e5427020,0x00000000e5600000)
  to   space 11264K, 0% used [0x00000000e4080000,0x00000000e4080000,0x00000000e4b80000)
 ParOldGen       total 59392K, used 17015K [0x00000000a0000000, 0x00000000a3a00000, 0x00000000e0000000)
  object space 59392K, 28% used [0x00000000a0000000,0x00000000a109de20,0x00000000a3a00000)
 Metaspace       used 42728K, capacity 43886K, committed 44032K, reserved 1087488K
  class space    used 5766K, capacity 6053K, committed 6144K, reserved 1048576K
}
Event: 3.869 GC heap before
{Heap before GC invocations=13 (full 2):
 PSYoungGen      total 76800K, used 67670K [0x00000000e0000000, 0x00000000e5700000, 0x0000000100000000)
  eden space 66048K, 89% used [0x00000000e0000000,0x00000000e396e970,0x00000000e4080000)
  from space 10752K, 82% used [0x00000000e4b80000,0x00000000e5427020,0x00000000e5600000)
  to   space 11264K, 0% used [0x00000000e4080000,0x00000000e4080000,0x00000000e4b80000)
 ParOldGen       total 59392K, used 17015K [0x00000000a0000000, 0x00000000a3a00000, 0x00000000e0000000)
  object space 59392K, 28% used [0x00000000a0000000,0x00000000a109de20,0x00000000a3a00000)
 Metaspace       used 47389K, capacity 48528K, committed 48640K, reserved 1095680K
  class space    used 6329K, capacity 6602K, committed 6656K, reserved 1048576K
Event: 3.875 GC heap after
Heap after GC invocations=13 (full 2):
 PSYoungGen      total 77312K, used 11249K [0x00000000e0000000, 0x00000000e5700000, 0x0000000100000000)
  eden space 66048K, 0% used [0x00000000e0000000,0x00000000e0000000,0x00000000e4080000)
  from space 11264K, 99% used [0x00000000e4080000,0x00000000e4b7c660,0x00000000e4b80000)
  to   space 10752K, 0% used [0x00000000e4b80000,0x00000000e4b80000,0x00000000e5600000)
 ParOldGen       total 59392K, used 17110K [0x00000000a0000000, 0x00000000a3a00000, 0x00000000e0000000)
  object space 59392K, 28% used [0x00000000a0000000,0x00000000a10b5bb8,0x00000000a3a00000)
 Metaspace       used 47389K, capacity 48528K, committed 48640K, reserved 1095680K
  class space    used 6329K, capacity 6602K, committed 6656K, reserved 1048576K
}
Event: 3.875 GC heap before
{Heap before GC invocations=14 (full 3):
 PSYoungGen      total 77312K, used 11249K [0x00000000e0000000, 0x00000000e5700000, 0x0000000100000000)
  eden space 66048K, 0% used [0x00000000e0000000,0x00000000e0000000,0x00000000e4080000)
  from space 11264K, 99% used [0x00000000e4080000,0x00000000e4b7c660,0x00000000e4b80000)
  to   space 10752K, 0% used [0x00000000e4b80000,0x00000000e4b80000,0x00000000e5600000)
 ParOldGen       total 59392K, used 17110K [0x00000000a0000000, 0x00000000a3a00000, 0x00000000e0000000)
  object space 59392K, 28% used [0x00000000a0000000,0x00000000a10b5bb8,0x00000000a3a00000)
 Metaspace       used 47389K, capacity 48528K, committed 48640K, reserved 1095680K
  class space    used 6329K, capacity 6602K, committed 6656K, reserved 1048576K
Event: 3.985 GC heap after
Heap after GC invocations=14 (full 3):
 PSYoungGen      total 77312K, used 0K [0x00000000e0000000, 0x00000000e5700000, 0x0000000100000000)
  eden space 66048K, 0% used [0x00000000e0000000,0x00000000e0000000,0x00000000e4080000)
  from space 11264K, 0% used [0x00000000e4080000,0x00000000e4080000,0x00000000e4b80000)
  to   space 10752K, 0% used [0x00000000e4b80000,0x00000000e4b80000,0x00000000e5600000)
 ParOldGen       total 59392K, used 25612K [0x00000000a0000000, 0x00000000a3a00000, 0x00000000e0000000)
  object space 59392K, 43% used [0x00000000a0000000,0x00000000a19032b8,0x00000000a3a00000)
 Metaspace       used 47389K, capacity 48528K, committed 48640K, reserved 1093632K
  class space    used 6329K, capacity 6602K, committed 6656K, reserved 1048576K
}

