# JRE version: OpenJDK Runtime Environment (8.0_212-b04) (build 1.8.0_212-release-1586-b04)
# Java VM: OpenJDK 64-Bit Server VM (25.212-b04 mixed mode windows-amd64 compressed oops)
Heap:
 PSYoungGen      total 77312K, used 65590K [0x00000000e0000000, 0x00000000e5700000, 0x0000000100000000)
  eden space 66048K, 99% used [0x00000000e0000000,0x00000000e400d878,0x00000000e4080000)
  from space 11264K, 0% used [0x00000000e4080000,0x00000000e4080000,0x00000000e4b80000)
  to   space 10752K, 0% used [0x00000000e4b80000,0x00000000e4b80000,0x00000000e5600000)
 ParOldGen       total 59904K, used 16962K [0x00000000a0000000, 0x00000000a3a80000, 0x00000000e0000000)
  object space 59904K, 28% used [0x00000000a0000000,0x00000000a10909a8,0x00000000a3a80000)
 Metaspace       used 42718K, capacity 43878K, committed 44032K, reserved 1087488K
  class space    used 5764K, capacity 6053K, committed 6144K, reserved 1048576K
GC Heap History (10 events):
Event: 1.814 GC heap before
{Heap before GC invocations=7 (full 1):
 PSYoungGen      total 76800K, used 8617K [0x00000000e0000000, 0x00000000e5700000, 0x0000000100000000)
  eden space 66048K, 0% used [0x00000000e0000000,0x00000000e0000000,0x00000000e4080000)
  from space 10752K, 80% used [0x00000000e4b80000,0x00000000e53ea700,0x00000000e5600000)
  to   space 11264K, 0% used [0x00000000e4080000,0x00000000e4080000,0x00000000e4b80000)
 ParOldGen       total 87552K, used 8165K [0x00000000a0000000, 0x00000000a5580000, 0x00000000e0000000)
  object space 87552K, 9% used [0x00000000a0000000,0x00000000a07f9500,0x00000000a5580000)
 Metaspace       used 20621K, capacity 21182K, committed 21296K, reserved 1067008K
  class space    used 2972K, capacity 3133K, committed 3200K, reserved 1048576K
Event: 1.835 GC heap after
Heap after GC invocations=7 (full 1):
 PSYoungGen      total 76800K, used 0K [0x00000000e0000000, 0x00000000e5700000, 0x0000000100000000)
  eden space 66048K, 0% used [0x00000000e0000000,0x00000000e0000000,0x00000000e4080000)
  from space 10752K, 0% used [0x00000000e4b80000,0x00000000e4b80000,0x00000000e5600000)
  to   space 11264K, 0% used [0x00000000e4080000,0x00000000e4080000,0x00000000e4b80000)
 ParOldGen       total 59904K, used 9558K [0x00000000a0000000, 0x00000000a3a80000, 0x00000000e0000000)
  object space 59904K, 15% used [0x00000000a0000000,0x00000000a0955880,0x00000000a3a80000)
 Metaspace       used 20621K, capacity 21182K, committed 21296K, reserved 1067008K
  class space    used 2972K, capacity 3133K, committed 3200K, reserved 1048576K
}
Event: 2.299 GC heap before
{Heap before GC invocations=8 (full 1):
 PSYoungGen      total 76800K, used 66048K [0x00000000e0000000, 0x00000000e5700000, 0x0000000100000000)
  eden space 66048K, 100% used [0x00000000e0000000,0x00000000e4080000,0x00000000e4080000)
  from space 10752K, 0% used [0x00000000e4b80000,0x00000000e4b80000,0x00000000e5600000)
  to   space 11264K, 0% used [0x00000000e4080000,0x00000000e4080000,0x00000000e4b80000)
 ParOldGen       total 59904K, used 9558K [0x00000000a0000000, 0x00000000a3a80000, 0x00000000e0000000)
  object space 59904K, 15% used [0x00000000a0000000,0x00000000a0955880,0x00000000a3a80000)
 Metaspace       used 29082K, capacity 29640K, committed 29952K, reserved 1075200K
  class space    used 3917K, capacity 4071K, committed 4096K, reserved 1048576K
Event: 2.307 GC heap after
Heap after GC invocations=8 (full 1):
 PSYoungGen      total 77312K, used 8156K [0x00000000e0000000, 0x00000000e5700000, 0x0000000100000000)
  eden space 66048K, 0% used [0x00000000e0000000,0x00000000e0000000,0x00000000e4080000)
  from space 11264K, 72% used [0x00000000e4080000,0x00000000e4877208,0x00000000e4b80000)
  to   space 10752K, 0% used [0x00000000e4b80000,0x00000000e4b80000,0x00000000e5600000)
 ParOldGen       total 59904K, used 9566K [0x00000000a0000000, 0x00000000a3a80000, 0x00000000e0000000)
  object space 59904K, 15% used [0x00000000a0000000,0x00000000a0957880,0x00000000a3a80000)
 Metaspace       used 29082K, capacity 29640K, committed 29952K, reserved 1075200K
  class space    used 3917K, capacity 4071K, committed 4096K, reserved 1048576K
}
Event: 2.595 GC heap before
{Heap before GC invocations=9 (full 1):
 PSYoungGen      total 77312K, used 74204K [0x00000000e0000000, 0x00000000e5700000, 0x0000000100000000)
  eden space 66048K, 100% used [0x00000000e0000000,0x00000000e4080000,0x00000000e4080000)
  from space 11264K, 72% used [0x00000000e4080000,0x00000000e4877208,0x00000000e4b80000)
  to   space 10752K, 0% used [0x00000000e4b80000,0x00000000e4b80000,0x00000000e5600000)
 ParOldGen       total 59904K, used 9566K [0x00000000a0000000, 0x00000000a3a80000, 0x00000000e0000000)
  object space 59904K, 15% used [0x00000000a0000000,0x00000000a0957880,0x00000000a3a80000)
 Metaspace       used 32242K, capacity 32896K, committed 33152K, reserved 1077248K
  class space    used 4427K, capacity 4623K, committed 4736K, reserved 1048576K
Event: 2.600 GC heap after
Heap after GC invocations=9 (full 1):
 PSYoungGen      total 76800K, used 8704K [0x00000000e0000000, 0x00000000e5700000, 0x0000000100000000)
  eden space 66048K, 0% used [0x00000000e0000000,0x00000000e0000000,0x00000000e4080000)
  from space 10752K, 80% used [0x00000000e4b80000,0x00000000e54003c0,0x00000000e5600000)
  to   space 11264K, 0% used [0x00000000e4080000,0x00000000e4080000,0x00000000e4b80000)
 ParOldGen       total 59904K, used 9574K [0x00000000a0000000, 0x00000000a3a80000, 0x00000000e0000000)
  object space 59904K, 15% used [0x00000000a0000000,0x00000000a0959880,0x00000000a3a80000)
 Metaspace       used 32242K, capacity 32896K, committed 33152K, reserved 1077248K
  class space    used 4427K, capacity 4623K, committed 4736K, reserved 1048576K
}
Event: 2.928 GC heap before
{Heap before GC invocations=10 (full 1):
 PSYoungGen      total 76800K, used 59763K [0x00000000e0000000, 0x00000000e5700000, 0x0000000100000000)
  eden space 66048K, 77% used [0x00000000e0000000,0x00000000e31dc8a8,0x00000000e4080000)
  from space 10752K, 80% used [0x00000000e4b80000,0x00000000e54003c0,0x00000000e5600000)
  to   space 11264K, 0% used [0x00000000e4080000,0x00000000e4080000,0x00000000e4b80000)
 ParOldGen       total 59904K, used 9574K [0x00000000a0000000, 0x00000000a3a80000, 0x00000000e0000000)
  object space 59904K, 15% used [0x00000000a0000000,0x00000000a0959880,0x00000000a3a80000)
 Metaspace       used 34516K, capacity 35396K, committed 35456K, reserved 1079296K
  class space    used 4742K, capacity 4967K, committed 4992K, reserved 1048576K
Event: 2.935 GC heap after
Heap after GC invocations=10 (full 1):
 PSYoungGen      total 77312K, used 9866K [0x00000000e0000000, 0x00000000e5700000, 0x0000000100000000)
  eden space 66048K, 0% used [0x00000000e0000000,0x00000000e0000000,0x00000000e4080000)
  from space 11264K, 87% used [0x00000000e4080000,0x00000000e4a229d0,0x00000000e4b80000)
  to   space 10752K, 0% used [0x00000000e4b80000,0x00000000e4b80000,0x00000000e5600000)
 ParOldGen       total 59904K, used 9582K [0x00000000a0000000, 0x00000000a3a80000, 0x00000000e0000000)
  object space 59904K, 15% used [0x00000000a0000000,0x00000000a095b880,0x00000000a3a80000)
 Metaspace       used 34516K, capacity 35396K, committed 35456K, reserved 1079296K
  class space    used 4742K, capacity 4967K, committed 4992K, reserved 1048576K
}
Event: 2.935 GC heap before
{Heap before GC invocations=11 (full 2):
 PSYoungGen      total 77312K, used 9866K [0x00000000e0000000, 0x00000000e5700000, 0x0000000100000000)
  eden space 66048K, 0% used [0x00000000e0000000,0x00000000e0000000,0x00000000e4080000)
  from space 11264K, 87% used [0x00000000e4080000,0x00000000e4a229d0,0x00000000e4b80000)
  to   space 10752K, 0% used [0x00000000e4b80000,0x00000000e4b80000,0x00000000e5600000)
 ParOldGen       total 59904K, used 9582K [0x00000000a0000000, 0x00000000a3a80000, 0x00000000e0000000)
  object space 59904K, 15% used [0x00000000a0000000,0x00000000a095b880,0x00000000a3a80000)
 Metaspace       used 34516K, capacity 35396K, committed 35456K, reserved 1079296K
  class space    used 4742K, capacity 4967K, committed 4992K, reserved 1048576K
Event: 2.966 GC heap after
Heap after GC invocations=11 (full 2):
 PSYoungGen      total 77312K, used 0K [0x00000000e0000000, 0x00000000e5700000, 0x0000000100000000)
  eden space 66048K, 0% used [0x00000000e0000000,0x00000000e0000000,0x00000000e4080000)
  from space 11264K, 0% used [0x00000000e4080000,0x00000000e4080000,0x00000000e4b80000)
  to   space 10752K, 0% used [0x00000000e4b80000,0x00000000e4b80000,0x00000000e5600000)
 ParOldGen       total 59904K, used 16962K [0x00000000a0000000, 0x00000000a3a80000, 0x00000000e0000000)
  object space 59904K, 28% used [0x00000000a0000000,0x00000000a10909a8,0x00000000a3a80000)
 Metaspace       used 34498K, capacity 35336K, committed 35456K, reserved 1079296K
  class space    used 4737K, capacity 4957K, committed 4992K, reserved 1048576K
}

