# JRE version: OpenJDK Runtime Environment (8.0_212-b04) (build 1.8.0_212-release-1586-b04)
# Java VM: OpenJDK 64-Bit Server VM (25.212-b04 mixed mode windows-amd64 compressed oops)
Heap:
 PSYoungGen      total 197120K, used 167816K [0x00000000e0000000, 0x00000000ef500000, 0x0000000100000000)
  eden space 177664K, 94% used [0x00000000e0000000,0x00000000ea3e2270,0x00000000ead80000)
  from space 19456K, 0% used [0x00000000ec100000,0x00000000ec100000,0x00000000ed400000)
  to   space 19968K, 0% used [0x00000000ead80000,0x00000000ead80000,0x00000000ec100000)
 ParOldGen       total 123904K, used 30733K [0x00000000a0000000, 0x00000000a7900000, 0x00000000e0000000)
  object space 123904K, 24% used [0x00000000a0000000,0x00000000a1e03568,0x00000000a7900000)
 Metaspace       used 62410K, capacity 64630K, committed 64896K, reserved 1105920K
  class space    used 8542K, capacity 9010K, committed 9088K, reserved 1048576K
GC Heap History (10 events):
Event: 2.940 GC heap before
{Heap before GC invocations=11 (full 2):
 PSYoungGen      total 120832K, used 10825K [0x00000000e0000000, 0x00000000ead00000, 0x0000000100000000)
  eden space 109568K, 0% used [0x00000000e0000000,0x00000000e0000000,0x00000000e6b00000)
  from space 11264K, 96% used [0x00000000e6b00000,0x00000000e7592710,0x00000000e7600000)
  to   space 12288K, 0% used [0x00000000ea100000,0x00000000ea100000,0x00000000ead00000)
 ParOldGen       total 58880K, used 9611K [0x00000000a0000000, 0x00000000a3980000, 0x00000000e0000000)
  object space 58880K, 16% used [0x00000000a0000000,0x00000000a0962c38,0x00000000a3980000)
 Metaspace       used 34629K, capacity 35436K, committed 35496K, reserved 1079296K
  class space    used 4771K, capacity 4964K, committed 4992K, reserved 1048576K
Event: 2.979 GC heap after
Heap after GC invocations=11 (full 2):
 PSYoungGen      total 120832K, used 0K [0x00000000e0000000, 0x00000000ead00000, 0x0000000100000000)
  eden space 109568K, 0% used [0x00000000e0000000,0x00000000e0000000,0x00000000e6b00000)
  from space 11264K, 0% used [0x00000000e6b00000,0x00000000e6b00000,0x00000000e7600000)
  to   space 12288K, 0% used [0x00000000ea100000,0x00000000ea100000,0x00000000ead00000)
 ParOldGen       total 89600K, used 17740K [0x00000000a0000000, 0x00000000a5780000, 0x00000000e0000000)
  object space 89600K, 19% used [0x00000000a0000000,0x00000000a1153190,0x00000000a5780000)
 Metaspace       used 34611K, capacity 35376K, committed 35496K, reserved 1079296K
  class space    used 4766K, capacity 4954K, committed 4992K, reserved 1048576K
}
Event: 3.782 GC heap before
{Heap before GC invocations=12 (full 2):
 PSYoungGen      total 120832K, used 109568K [0x00000000e0000000, 0x00000000ead00000, 0x0000000100000000)
  eden space 109568K, 100% used [0x00000000e0000000,0x00000000e6b00000,0x00000000e6b00000)
  from space 11264K, 0% used [0x00000000e6b00000,0x00000000e6b00000,0x00000000e7600000)
  to   space 12288K, 0% used [0x00000000ea100000,0x00000000ea100000,0x00000000ead00000)
 ParOldGen       total 89600K, used 17740K [0x00000000a0000000, 0x00000000a5780000, 0x00000000e0000000)
  object space 89600K, 19% used [0x00000000a0000000,0x00000000a1153190,0x00000000a5780000)
 Metaspace       used 46833K, capacity 47916K, committed 48256K, reserved 1091584K
  class space    used 6240K, capacity 6506K, committed 6528K, reserved 1048576K
Event: 3.793 GC heap after
Heap after GC invocations=12 (full 2):
 PSYoungGen      total 152576K, used 12272K [0x00000000e0000000, 0x00000000ead00000, 0x0000000100000000)
  eden space 140288K, 0% used [0x00000000e0000000,0x00000000e0000000,0x00000000e8900000)
  from space 12288K, 99% used [0x00000000ea100000,0x00000000eacfc030,0x00000000ead00000)
  to   space 14848K, 0% used [0x00000000e9000000,0x00000000e9000000,0x00000000e9e80000)
 ParOldGen       total 89600K, used 19995K [0x00000000a0000000, 0x00000000a5780000, 0x00000000e0000000)
  object space 89600K, 22% used [0x00000000a0000000,0x00000000a1386d50,0x00000000a5780000)
 Metaspace       used 46833K, capacity 47916K, committed 48256K, reserved 1091584K
  class space    used 6240K, capacity 6506K, committed 6528K, reserved 1048576K
}
Event: 4.710 GC heap before
{Heap before GC invocations=13 (full 2):
 PSYoungGen      total 152576K, used 152560K [0x00000000e0000000, 0x00000000ead00000, 0x0000000100000000)
  eden space 140288K, 100% used [0x00000000e0000000,0x00000000e8900000,0x00000000e8900000)
  from space 12288K, 99% used [0x00000000ea100000,0x00000000eacfc030,0x00000000ead00000)
  to   space 14848K, 0% used [0x00000000e9000000,0x00000000e9000000,0x00000000e9e80000)
 ParOldGen       total 89600K, used 19995K [0x00000000a0000000, 0x00000000a5780000, 0x00000000e0000000)
  object space 89600K, 22% used [0x00000000a0000000,0x00000000a1386d50,0x00000000a5780000)
 Metaspace       used 56510K, capacity 58330K, committed 58496K, reserved 1099776K
  class space    used 7811K, capacity 8210K, committed 8320K, reserved 1048576K
Event: 4.724 GC heap after
Heap after GC invocations=13 (full 2):
 PSYoungGen      total 162304K, used 14847K [0x00000000e0000000, 0x00000000ed400000, 0x0000000100000000)
  eden space 147456K, 0% used [0x00000000e0000000,0x00000000e0000000,0x00000000e9000000)
  from space 14848K, 99% used [0x00000000e9000000,0x00000000e9e7fca8,0x00000000e9e80000)
  to   space 19456K, 0% used [0x00000000ec100000,0x00000000ec100000,0x00000000ed400000)
 ParOldGen       total 89600K, used 27611K [0x00000000a0000000, 0x00000000a5780000, 0x00000000e0000000)
  object space 89600K, 30% used [0x00000000a0000000,0x00000000a1af6fa0,0x00000000a5780000)
 Metaspace       used 56510K, capacity 58330K, committed 58496K, reserved 1099776K
  class space    used 7811K, capacity 8210K, committed 8320K, reserved 1048576K
}
Event: 4.755 GC heap before
{Heap before GC invocations=14 (full 2):
 PSYoungGen      total 162304K, used 24054K [0x00000000e0000000, 0x00000000ed400000, 0x0000000100000000)
  eden space 147456K, 6% used [0x00000000e0000000,0x00000000e08fdd18,0x00000000e9000000)
  from space 14848K, 99% used [0x00000000e9000000,0x00000000e9e7fca8,0x00000000e9e80000)
  to   space 19456K, 0% used [0x00000000ec100000,0x00000000ec100000,0x00000000ed400000)
 ParOldGen       total 89600K, used 27611K [0x00000000a0000000, 0x00000000a5780000, 0x00000000e0000000)
  object space 89600K, 30% used [0x00000000a0000000,0x00000000a1af6fa0,0x00000000a5780000)
 Metaspace       used 56930K, capacity 59000K, committed 59136K, reserved 1099776K
  class space    used 7904K, capacity 8351K, committed 8448K, reserved 1048576K
Event: 4.762 GC heap after
Heap after GC invocations=14 (full 2):
 PSYoungGen      total 197120K, used 626K [0x00000000e0000000, 0x00000000ef500000, 0x0000000100000000)
  eden space 177664K, 0% used [0x00000000e0000000,0x00000000e0000000,0x00000000ead80000)
  from space 19456K, 3% used [0x00000000ec100000,0x00000000ec19ca68,0x00000000ed400000)
  to   space 19968K, 0% used [0x00000000ead80000,0x00000000ead80000,0x00000000ec100000)
 ParOldGen       total 89600K, used 36351K [0x00000000a0000000, 0x00000000a5780000, 0x00000000e0000000)
  object space 89600K, 40% used [0x00000000a0000000,0x00000000a237ff20,0x00000000a5780000)
 Metaspace       used 56930K, capacity 59000K, committed 59136K, reserved 1099776K
  class space    used 7904K, capacity 8351K, committed 8448K, reserved 1048576K
}
Event: 4.762 GC heap before
{Heap before GC invocations=15 (full 3):
 PSYoungGen      total 197120K, used 626K [0x00000000e0000000, 0x00000000ef500000, 0x0000000100000000)
  eden space 177664K, 0% used [0x00000000e0000000,0x00000000e0000000,0x00000000ead80000)
  from space 19456K, 3% used [0x00000000ec100000,0x00000000ec19ca68,0x00000000ed400000)
  to   space 19968K, 0% used [0x00000000ead80000,0x00000000ead80000,0x00000000ec100000)
 ParOldGen       total 89600K, used 36351K [0x00000000a0000000, 0x00000000a5780000, 0x00000000e0000000)
  object space 89600K, 40% used [0x00000000a0000000,0x00000000a237ff20,0x00000000a5780000)
 Metaspace       used 56930K, capacity 59000K, committed 59136K, reserved 1099776K
  class space    used 7904K, capacity 8351K, committed 8448K, reserved 1048576K
Event: 4.895 GC heap after
Heap after GC invocations=15 (full 3):
 PSYoungGen      total 197120K, used 0K [0x00000000e0000000, 0x00000000ef500000, 0x0000000100000000)
  eden space 177664K, 0% used [0x00000000e0000000,0x00000000e0000000,0x00000000ead80000)
  from space 19456K, 0% used [0x00000000ec100000,0x00000000ec100000,0x00000000ed400000)
  to   space 19968K, 0% used [0x00000000ead80000,0x00000000ead80000,0x00000000ec100000)
 ParOldGen       total 123904K, used 30733K [0x00000000a0000000, 0x00000000a7900000, 0x00000000e0000000)
  object space 123904K, 24% used [0x00000000a0000000,0x00000000a1e03568,0x00000000a7900000)
 Metaspace       used 56756K, capacity 58514K, committed 59136K, reserved 1099776K
  class space    used 7849K, capacity 8252K, committed 8448K, reserved 1048576K
}

