# JRE version: OpenJDK Runtime Environment (8.0_212-b04) (build 1.8.0_212-release-1586-b04)
# Java VM: OpenJDK 64-Bit Server VM (25.212-b04 mixed mode windows-amd64 compressed oops)
Heap:
 PSYoungGen      total 121856K, used 7067K [0x00000000e0000000, 0x00000000e8280000, 0x0000000100000000)
  eden space 110080K, 6% used [0x00000000e0000000,0x00000000e06e6d40,0x00000000e6b80000)
  from space 11776K, 0% used [0x00000000e6b80000,0x00000000e6b80000,0x00000000e7700000)
  to   space 11264K, 0% used [0x00000000e7700000,0x00000000e7700000,0x00000000e8200000)
 ParOldGen       total 58368K, used 17046K [0x00000000a0000000, 0x00000000a3900000, 0x00000000e0000000)
  object space 58368K, 29% used [0x00000000a0000000,0x00000000a10a5868,0x00000000a3900000)
 Metaspace       used 34765K, capacity 35634K, committed 35840K, reserved 1079296K
  class space    used 4784K, capacity 5004K, committed 5120K, reserved 1048576K
GC Heap History (10 events):
Event: 1.823 GC heap before
{Heap before GC invocations=7 (full 1):
 PSYoungGen      total 76800K, used 8567K [0x00000000e0000000, 0x00000000e5700000, 0x0000000100000000)
  eden space 66048K, 0% used [0x00000000e0000000,0x00000000e0000000,0x00000000e4080000)
  from space 10752K, 79% used [0x00000000e4b80000,0x00000000e53dde68,0x00000000e5600000)
  to   space 11264K, 0% used [0x00000000e4080000,0x00000000e4080000,0x00000000e4b80000)
 ParOldGen       total 87552K, used 8208K [0x00000000a0000000, 0x00000000a5580000, 0x00000000e0000000)
  object space 87552K, 9% used [0x00000000a0000000,0x00000000a0804048,0x00000000a5580000)
 Metaspace       used 20634K, capacity 21182K, committed 21296K, reserved 1067008K
  class space    used 2973K, capacity 3133K, committed 3200K, reserved 1048576K
Event: 1.843 GC heap after
Heap after GC invocations=7 (full 1):
 PSYoungGen      total 76800K, used 0K [0x00000000e0000000, 0x00000000e5700000, 0x0000000100000000)
  eden space 66048K, 0% used [0x00000000e0000000,0x00000000e0000000,0x00000000e4080000)
  from space 10752K, 0% used [0x00000000e4b80000,0x00000000e4b80000,0x00000000e5600000)
  to   space 11264K, 0% used [0x00000000e4080000,0x00000000e4080000,0x00000000e4b80000)
 ParOldGen       total 58368K, used 9569K [0x00000000a0000000, 0x00000000a3900000, 0x00000000e0000000)
  object space 58368K, 16% used [0x00000000a0000000,0x00000000a0958430,0x00000000a3900000)
 Metaspace       used 20634K, capacity 21182K, committed 21296K, reserved 1067008K
  class space    used 2973K, capacity 3133K, committed 3200K, reserved 1048576K
}
Event: 2.312 GC heap before
{Heap before GC invocations=8 (full 1):
 PSYoungGen      total 76800K, used 66048K [0x00000000e0000000, 0x00000000e5700000, 0x0000000100000000)
  eden space 66048K, 100% used [0x00000000e0000000,0x00000000e4080000,0x00000000e4080000)
  from space 10752K, 0% used [0x00000000e4b80000,0x00000000e4b80000,0x00000000e5600000)
  to   space 11264K, 0% used [0x00000000e4080000,0x00000000e4080000,0x00000000e4b80000)
 ParOldGen       total 58368K, used 9569K [0x00000000a0000000, 0x00000000a3900000, 0x00000000e0000000)
  object space 58368K, 16% used [0x00000000a0000000,0x00000000a0958430,0x00000000a3900000)
 Metaspace       used 29050K, capacity 29570K, committed 29696K, reserved 1075200K
  class space    used 3913K, capacity 4069K, committed 4096K, reserved 1048576K
Event: 2.320 GC heap after
Heap after GC invocations=8 (full 1):
 PSYoungGen      total 77312K, used 8025K [0x00000000e0000000, 0x00000000e8200000, 0x0000000100000000)
  eden space 66048K, 0% used [0x00000000e0000000,0x00000000e0000000,0x00000000e4080000)
  from space 11264K, 71% used [0x00000000e4080000,0x00000000e4856508,0x00000000e4b80000)
  to   space 11264K, 0% used [0x00000000e7700000,0x00000000e7700000,0x00000000e8200000)
 ParOldGen       total 58368K, used 9577K [0x00000000a0000000, 0x00000000a3900000, 0x00000000e0000000)
  object space 58368K, 16% used [0x00000000a0000000,0x00000000a095a430,0x00000000a3900000)
 Metaspace       used 29050K, capacity 29570K, committed 29696K, reserved 1075200K
  class space    used 3913K, capacity 4069K, committed 4096K, reserved 1048576K
}
Event: 2.600 GC heap before
{Heap before GC invocations=9 (full 1):
 PSYoungGen      total 77312K, used 74073K [0x00000000e0000000, 0x00000000e8200000, 0x0000000100000000)
  eden space 66048K, 100% used [0x00000000e0000000,0x00000000e4080000,0x00000000e4080000)
  from space 11264K, 71% used [0x00000000e4080000,0x00000000e4856508,0x00000000e4b80000)
  to   space 11264K, 0% used [0x00000000e7700000,0x00000000e7700000,0x00000000e8200000)
 ParOldGen       total 58368K, used 9577K [0x00000000a0000000, 0x00000000a3900000, 0x00000000e0000000)
  object space 58368K, 16% used [0x00000000a0000000,0x00000000a095a430,0x00000000a3900000)
 Metaspace       used 32192K, capacity 32832K, committed 33152K, reserved 1077248K
  class space    used 4420K, capacity 4623K, committed 4736K, reserved 1048576K
Event: 2.606 GC heap after
Heap after GC invocations=9 (full 1):
 PSYoungGen      total 121344K, used 8590K [0x00000000e0000000, 0x00000000e8280000, 0x0000000100000000)
  eden space 110080K, 0% used [0x00000000e0000000,0x00000000e0000000,0x00000000e6b80000)
  from space 11264K, 76% used [0x00000000e7700000,0x00000000e7f63a00,0x00000000e8200000)
  to   space 11776K, 0% used [0x00000000e6b80000,0x00000000e6b80000,0x00000000e7700000)
 ParOldGen       total 58368K, used 9585K [0x00000000a0000000, 0x00000000a3900000, 0x00000000e0000000)
  object space 58368K, 16% used [0x00000000a0000000,0x00000000a095c430,0x00000000a3900000)
 Metaspace       used 32192K, capacity 32832K, committed 33152K, reserved 1077248K
  class space    used 4420K, capacity 4623K, committed 4736K, reserved 1048576K
}
Event: 2.935 GC heap before
{Heap before GC invocations=10 (full 1):
 PSYoungGen      total 121344K, used 61486K [0x00000000e0000000, 0x00000000e8280000, 0x0000000100000000)
  eden space 110080K, 48% used [0x00000000e0000000,0x00000000e33a7f88,0x00000000e6b80000)
  from space 11264K, 76% used [0x00000000e7700000,0x00000000e7f63a00,0x00000000e8200000)
  to   space 11776K, 0% used [0x00000000e6b80000,0x00000000e6b80000,0x00000000e7700000)
 ParOldGen       total 58368K, used 9585K [0x00000000a0000000, 0x00000000a3900000, 0x00000000e0000000)
  object space 58368K, 16% used [0x00000000a0000000,0x00000000a095c430,0x00000000a3900000)
 Metaspace       used 34518K, capacity 35394K, committed 35456K, reserved 1079296K
  class space    used 4742K, capacity 4966K, committed 4992K, reserved 1048576K
Event: 2.941 GC heap after
Heap after GC invocations=10 (full 1):
 PSYoungGen      total 121856K, used 9978K [0x00000000e0000000, 0x00000000e8280000, 0x0000000100000000)
  eden space 110080K, 0% used [0x00000000e0000000,0x00000000e0000000,0x00000000e6b80000)
  from space 11776K, 84% used [0x00000000e6b80000,0x00000000e753eb50,0x00000000e7700000)
  to   space 11264K, 0% used [0x00000000e7700000,0x00000000e7700000,0x00000000e8200000)
 ParOldGen       total 58368K, used 9593K [0x00000000a0000000, 0x00000000a3900000, 0x00000000e0000000)
  object space 58368K, 16% used [0x00000000a0000000,0x00000000a095e430,0x00000000a3900000)
 Metaspace       used 34518K, capacity 35394K, committed 35456K, reserved 1079296K
  class space    used 4742K, capacity 4966K, committed 4992K, reserved 1048576K
}
Event: 2.941 GC heap before
{Heap before GC invocations=11 (full 2):
 PSYoungGen      total 121856K, used 9978K [0x00000000e0000000, 0x00000000e8280000, 0x0000000100000000)
  eden space 110080K, 0% used [0x00000000e0000000,0x00000000e0000000,0x00000000e6b80000)
  from space 11776K, 84% used [0x00000000e6b80000,0x00000000e753eb50,0x00000000e7700000)
  to   space 11264K, 0% used [0x00000000e7700000,0x00000000e7700000,0x00000000e8200000)
 ParOldGen       total 58368K, used 9593K [0x00000000a0000000, 0x00000000a3900000, 0x00000000e0000000)
  object space 58368K, 16% used [0x00000000a0000000,0x00000000a095e430,0x00000000a3900000)
 Metaspace       used 34518K, capacity 35394K, committed 35456K, reserved 1079296K
  class space    used 4742K, capacity 4966K, committed 4992K, reserved 1048576K
Event: 2.971 GC heap after
Heap after GC invocations=11 (full 2):
 PSYoungGen      total 121856K, used 0K [0x00000000e0000000, 0x00000000e8280000, 0x0000000100000000)
  eden space 110080K, 0% used [0x00000000e0000000,0x00000000e0000000,0x00000000e6b80000)
  from space 11776K, 0% used [0x00000000e6b80000,0x00000000e6b80000,0x00000000e7700000)
  to   space 11264K, 0% used [0x00000000e7700000,0x00000000e7700000,0x00000000e8200000)
 ParOldGen       total 58368K, used 17046K [0x00000000a0000000, 0x00000000a3900000, 0x00000000e0000000)
  object space 58368K, 29% used [0x00000000a0000000,0x00000000a10a5868,0x00000000a3900000)
 Metaspace       used 34502K, capacity 35340K, committed 35456K, reserved 1079296K
  class space    used 4737K, capacity 4957K, committed 4992K, reserved 1048576K
}

