# JRE version: OpenJDK Runtime Environment (8.0_212-b04) (build 1.8.0_212-release-1586-b04)
# Java VM: OpenJDK 64-Bit Server VM (25.212-b04 mixed mode windows-amd64 compressed oops)
Heap:
 PSYoungGen      total 76800K, used 32917K [0x00000000e0000000, 0x00000000e5700000, 0x0000000100000000)
  eden space 66048K, 36% used [0x00000000e0000000,0x00000000e17632e0,0x00000000e4080000)
  from space 10752K, 83% used [0x00000000e4b80000,0x00000000e5442120,0x00000000e5600000)
  to   space 11264K, 0% used [0x00000000e4080000,0x00000000e4080000,0x00000000e4b80000)
 ParOldGen       total 59904K, used 17100K [0x00000000a0000000, 0x00000000a3a80000, 0x00000000e0000000)
  object space 59904K, 28% used [0x00000000a0000000,0x00000000a10b3018,0x00000000a3a80000)
 Metaspace       used 43635K, capacity 44714K, committed 44928K, reserved 1087488K
  class space    used 5887K, capacity 6155K, committed 6272K, reserved 1048576K
GC Heap History (10 events):
Event: 2.284 GC heap before
{Heap before GC invocations=8 (full 1):
 PSYoungGen      total 76800K, used 66048K [0x00000000e0000000, 0x00000000e5700000, 0x0000000100000000)
  eden space 66048K, 100% used [0x00000000e0000000,0x00000000e4080000,0x00000000e4080000)
  from space 10752K, 0% used [0x00000000e4b80000,0x00000000e4b80000,0x00000000e5600000)
  to   space 11264K, 0% used [0x00000000e4080000,0x00000000e4080000,0x00000000e4b80000)
 ParOldGen       total 59904K, used 9559K [0x00000000a0000000, 0x00000000a3a80000, 0x00000000e0000000)
  object space 59904K, 15% used [0x00000000a0000000,0x00000000a0955c50,0x00000000a3a80000)
 Metaspace       used 29040K, capacity 29560K, committed 29696K, reserved 1075200K
  class space    used 3908K, capacity 4067K, committed 4096K, reserved 1048576K
Event: 2.291 GC heap after
Heap after GC invocations=8 (full 1):
 PSYoungGen      total 77312K, used 7861K [0x00000000e0000000, 0x00000000e5700000, 0x0000000100000000)
  eden space 66048K, 0% used [0x00000000e0000000,0x00000000e0000000,0x00000000e4080000)
  from space 11264K, 69% used [0x00000000e4080000,0x00000000e482d598,0x00000000e4b80000)
  to   space 10752K, 0% used [0x00000000e4b80000,0x00000000e4b80000,0x00000000e5600000)
 ParOldGen       total 59904K, used 9567K [0x00000000a0000000, 0x00000000a3a80000, 0x00000000e0000000)
  object space 59904K, 15% used [0x00000000a0000000,0x00000000a0957c50,0x00000000a3a80000)
 Metaspace       used 29040K, capacity 29560K, committed 29696K, reserved 1075200K
  class space    used 3908K, capacity 4067K, committed 4096K, reserved 1048576K
}
Event: 2.577 GC heap before
{Heap before GC invocations=9 (full 1):
 PSYoungGen      total 77312K, used 73909K [0x00000000e0000000, 0x00000000e5700000, 0x0000000100000000)
  eden space 66048K, 100% used [0x00000000e0000000,0x00000000e4080000,0x00000000e4080000)
  from space 11264K, 69% used [0x00000000e4080000,0x00000000e482d598,0x00000000e4b80000)
  to   space 10752K, 0% used [0x00000000e4b80000,0x00000000e4b80000,0x00000000e5600000)
 ParOldGen       total 59904K, used 9567K [0x00000000a0000000, 0x00000000a3a80000, 0x00000000e0000000)
  object space 59904K, 15% used [0x00000000a0000000,0x00000000a0957c50,0x00000000a3a80000)
 Metaspace       used 32142K, capacity 32732K, committed 33024K, reserved 1077248K
  class space    used 4410K, capacity 4591K, committed 4608K, reserved 1048576K
Event: 2.582 GC heap after
Heap after GC invocations=9 (full 1):
 PSYoungGen      total 76800K, used 8516K [0x00000000e0000000, 0x00000000e5700000, 0x0000000100000000)
  eden space 66048K, 0% used [0x00000000e0000000,0x00000000e0000000,0x00000000e4080000)
  from space 10752K, 79% used [0x00000000e4b80000,0x00000000e53d10e0,0x00000000e5600000)
  to   space 11264K, 0% used [0x00000000e4080000,0x00000000e4080000,0x00000000e4b80000)
 ParOldGen       total 59904K, used 9575K [0x00000000a0000000, 0x00000000a3a80000, 0x00000000e0000000)
  object space 59904K, 15% used [0x00000000a0000000,0x00000000a0959c50,0x00000000a3a80000)
 Metaspace       used 32142K, capacity 32732K, committed 33024K, reserved 1077248K
  class space    used 4410K, capacity 4591K, committed 4608K, reserved 1048576K
}
Event: 2.919 GC heap before
{Heap before GC invocations=10 (full 1):
 PSYoungGen      total 76800K, used 61669K [0x00000000e0000000, 0x00000000e5700000, 0x0000000100000000)
  eden space 66048K, 80% used [0x00000000e0000000,0x00000000e33e8548,0x00000000e4080000)
  from space 10752K, 79% used [0x00000000e4b80000,0x00000000e53d10e0,0x00000000e5600000)
  to   space 11264K, 0% used [0x00000000e4080000,0x00000000e4080000,0x00000000e4b80000)
 ParOldGen       total 59904K, used 9575K [0x00000000a0000000, 0x00000000a3a80000, 0x00000000e0000000)
  object space 59904K, 15% used [0x00000000a0000000,0x00000000a0959c50,0x00000000a3a80000)
 Metaspace       used 34509K, capacity 35390K, committed 35456K, reserved 1079296K
  class space    used 4739K, capacity 4966K, committed 4992K, reserved 1048576K
Event: 2.927 GC heap after
Heap after GC invocations=10 (full 1):
 PSYoungGen      total 77312K, used 10031K [0x00000000e0000000, 0x00000000e5700000, 0x0000000100000000)
  eden space 66048K, 0% used [0x00000000e0000000,0x00000000e0000000,0x00000000e4080000)
  from space 11264K, 89% used [0x00000000e4080000,0x00000000e4a4bff0,0x00000000e4b80000)
  to   space 10752K, 0% used [0x00000000e4b80000,0x00000000e4b80000,0x00000000e5600000)
 ParOldGen       total 59904K, used 9583K [0x00000000a0000000, 0x00000000a3a80000, 0x00000000e0000000)
  object space 59904K, 15% used [0x00000000a0000000,0x00000000a095bc50,0x00000000a3a80000)
 Metaspace       used 34509K, capacity 35390K, committed 35456K, reserved 1079296K
  class space    used 4739K, capacity 4966K, committed 4992K, reserved 1048576K
}
Event: 2.927 GC heap before
{Heap before GC invocations=11 (full 2):
 PSYoungGen      total 77312K, used 10031K [0x00000000e0000000, 0x00000000e5700000, 0x0000000100000000)
  eden space 66048K, 0% used [0x00000000e0000000,0x00000000e0000000,0x00000000e4080000)
  from space 11264K, 89% used [0x00000000e4080000,0x00000000e4a4bff0,0x00000000e4b80000)
  to   space 10752K, 0% used [0x00000000e4b80000,0x00000000e4b80000,0x00000000e5600000)
 ParOldGen       total 59904K, used 9583K [0x00000000a0000000, 0x00000000a3a80000, 0x00000000e0000000)
  object space 59904K, 15% used [0x00000000a0000000,0x00000000a095bc50,0x00000000a3a80000)
 Metaspace       used 34509K, capacity 35390K, committed 35456K, reserved 1079296K
  class space    used 4739K, capacity 4966K, committed 4992K, reserved 1048576K
Event: 2.963 GC heap after
Heap after GC invocations=11 (full 2):
 PSYoungGen      total 77312K, used 0K [0x00000000e0000000, 0x00000000e5700000, 0x0000000100000000)
  eden space 66048K, 0% used [0x00000000e0000000,0x00000000e0000000,0x00000000e4080000)
  from space 11264K, 0% used [0x00000000e4080000,0x00000000e4080000,0x00000000e4b80000)
  to   space 10752K, 0% used [0x00000000e4b80000,0x00000000e4b80000,0x00000000e5600000)
 ParOldGen       total 59904K, used 17092K [0x00000000a0000000, 0x00000000a3a80000, 0x00000000e0000000)
  object space 59904K, 28% used [0x00000000a0000000,0x00000000a10b1018,0x00000000a3a80000)
 Metaspace       used 34493K, capacity 35336K, committed 35456K, reserved 1079296K
  class space    used 4734K, capacity 4957K, committed 4992K, reserved 1048576K
}
Event: 3.465 GC heap before
{Heap before GC invocations=12 (full 2):
 PSYoungGen      total 77312K, used 66048K [0x00000000e0000000, 0x00000000e5700000, 0x0000000100000000)
  eden space 66048K, 100% used [0x00000000e0000000,0x00000000e4080000,0x00000000e4080000)
  from space 11264K, 0% used [0x00000000e4080000,0x00000000e4080000,0x00000000e4b80000)
  to   space 10752K, 0% used [0x00000000e4b80000,0x00000000e4b80000,0x00000000e5600000)
 ParOldGen       total 59904K, used 17092K [0x00000000a0000000, 0x00000000a3a80000, 0x00000000e0000000)
  object space 59904K, 28% used [0x00000000a0000000,0x00000000a10b1018,0x00000000a3a80000)
 Metaspace       used 42712K, capacity 43814K, committed 44032K, reserved 1087488K
  class space    used 5765K, capacity 6053K, committed 6144K, reserved 1048576K
Event: 3.471 GC heap after
Heap after GC invocations=12 (full 2):
 PSYoungGen      total 76800K, used 8968K [0x00000000e0000000, 0x00000000e5700000, 0x0000000100000000)
  eden space 66048K, 0% used [0x00000000e0000000,0x00000000e0000000,0x00000000e4080000)
  from space 10752K, 83% used [0x00000000e4b80000,0x00000000e5442120,0x00000000e5600000)
  to   space 11264K, 0% used [0x00000000e4080000,0x00000000e4080000,0x00000000e4b80000)
 ParOldGen       total 59904K, used 17100K [0x00000000a0000000, 0x00000000a3a80000, 0x00000000e0000000)
  object space 59904K, 28% used [0x00000000a0000000,0x00000000a10b3018,0x00000000a3a80000)
 Metaspace       used 42712K, capacity 43814K, committed 44032K, reserved 1087488K
  class space    used 5765K, capacity 6053K, committed 6144K, reserved 1048576K
}

